  gui.cpp
C:\Program Files\Wt 3.3.7 msvs2013 x64\include\Wt/WStringStream(210): warning C4251: 'Wt::WStringStream::bufs_' : class 'std::vector<std::pair<char *,int>,std::allocator<_Ty>>' necesita tener una interfaz DLL para que la utilicen los clientes de class 'Wt::WStringStream'
          with
          [
              _Ty=std::pair<char *,int>
          ]
C:\Program Files\Wt 3.3.7 msvs2013 x64\include\Wt/Http/Message(70): warning C4251: 'Wt::Http::Message::Header::name_' : class 'std::basic_string<char,std::char_traits<char>,std::allocator<char>>' necesita tener una interfaz DLL para que la utilicen los clientes de class 'Wt::Http::Message::Header'
C:\Program Files\Wt 3.3.7 msvs2013 x64\include\Wt/Http/Message(70): warning C4251: 'Wt::Http::Message::Header::value_' : class 'std::basic_string<char,std::char_traits<char>,std::allocator<char>>' necesita tener una interfaz DLL para que la utilicen los clientes de class 'Wt::Http::Message::Header'
C:\Program Files\Wt 3.3.7 msvs2013 x64\include\Wt/Http/Message(148): warning C4251: 'Wt::Http::Message::headers_' : class 'std::vector<Wt::Http::Message::Header,std::allocator<_Ty>>' necesita tener una interfaz DLL para que la utilicen los clientes de class 'Wt::Http::Message'
          with
          [
              _Ty=Wt::Http::Message::Header
          ]
C:\Program Files\Wt 3.3.7 msvs2013 x64\include\Wt/Http/Request(110): warning C4251: 'Wt::Http::UploadedFile::fileInfo_' : class 'boost::shared_ptr<Wt::Http::UploadedFile::Impl>' necesita tener una interfaz DLL para que la utilicen los clientes de class 'Wt::Http::UploadedFile'
C:\Program Files\Wt 3.3.7 msvs2013 x64\include\Wt/Http/Request(450): warning C4251: 'Wt::Http::Request::cookies_' : class 'std::map<std::string,std::string,std::less<_Kty>,std::allocator<std::pair<const _Kty,_Ty>>>' necesita tener una interfaz DLL para que la utilicen los clientes de class 'Wt::Http::Request'
          with
          [
              _Kty=std::string
  ,            _Ty=std::string
          ]
C:\Program Files\Wt 3.3.7 msvs2013 x64\include\Wt/WObject(242): warning C4275: se ha utilizado una interfaz no de DLL class 'boost::signals2::trackable' como base para la interfaz DLL class 'Wt::WObject'
          C:\Program Files\Wt 3.3.7 msvs2013 x64\include\boost/signals2/trackable.hpp(38) : vea la declaración de 'boost::signals2::trackable'
          C:\Program Files\Wt 3.3.7 msvs2013 x64\include\Wt/WObject(241) : vea la declaración de 'Wt::WObject'
C:\Program Files\Wt 3.3.7 msvs2013 x64\include\Wt/WObject(527): warning C4251: 'Wt::WObject::statelessSlots_' : class 'std::vector<Wt::WStatelessSlot *,std::allocator<_Ty>>' necesita tener una interfaz DLL para que la utilicen los clientes de class 'Wt::WObject'
          with
          [
              _Ty=Wt::WStatelessSlot *
          ]
C:\Program Files\Wt 3.3.7 msvs2013 x64\include\Wt/WObject(533): warning C4251: 'Wt::WObject::name_' : class 'std::basic_string<char,std::char_traits<char>,std::allocator<char>>' necesita tener una interfaz DLL para que la utilicen los clientes de class 'Wt::WObject'
C:\Program Files\Wt 3.3.7 msvs2013 x64\include\Wt/WObject(544): warning C4251: 'Wt::WObject::emptyObjectList_' : class 'std::vector<Wt::WObject *,std::allocator<_Ty>>' necesita tener una interfaz DLL para que la utilicen los clientes de class 'Wt::WObject'
          with
          [
              _Ty=Wt::WObject *
          ]
C:\Program Files\Wt 3.3.7 msvs2013 x64\include\Wt/WObject(553): warning C4251: 'Wt::WObject::trackable_ptr_' : class 'boost::shared_ptr<T>' necesita tener una interfaz DLL para que la utilicen los clientes de class 'Wt::WObject'
          with
          [
              T=int
          ]
C:\Program Files\Wt 3.3.7 msvs2013 x64\include\Wt/WString(532): warning C4251: 'Wt::WString::utf8_' : class 'std::basic_string<char,std::char_traits<char>,std::allocator<char>>' necesita tener una interfaz DLL para que la utilicen los clientes de class 'Wt::WString'
C:\Program Files\Wt 3.3.7 msvs2013 x64\include\Wt/WString(546): warning C4251: 'Wt::WString::stArguments_' : class 'std::vector<Wt::WString,std::allocator<_Ty>>' necesita tener una interfaz DLL para que la utilicen los clientes de class 'Wt::WString'
          with
          [
              _Ty=Wt::WString
          ]
C:\Program Files\Wt 3.3.7 msvs2013 x64\include\Wt/WAnimation(173): warning C4251: 'Wt::WAnimation::effects_' : class 'Wt::WFlags<Wt::WAnimation::AnimationEffect>' necesita tener una interfaz DLL para que la utilicen los clientes de class 'Wt::WAnimation'
C:\Program Files\Wt 3.3.7 msvs2013 x64\include\Wt/WSignal(572): warning C4251: 'Wt::EventSignalBase::connections_' : class 'std::vector<Wt::EventSignalBase::StatelessConnection,std::allocator<_Ty>>' necesita tener una interfaz DLL para que la utilicen los clientes de class 'Wt::EventSignalBase'
          with
          [
              _Ty=Wt::EventSignalBase::StatelessConnection
          ]
C:\Program Files\Wt 3.3.7 msvs2013 x64\include\Wt/WSignal(573): warning C4251: 'Wt::EventSignalBase::flags_' : class 'std::bitset<0x07>' necesita tener una interfaz DLL para que la utilicen los clientes de class 'Wt::EventSignalBase'
C:\Program Files\Wt 3.3.7 msvs2013 x64\include\Wt/WSignal(580): warning C4251: 'Wt::EventSignalBase::dummy_' : class 'boost::signals2::signal<void (void),boost::signals2::optional_last_value<void>,int,std::less<Group>,boost::function<Signature>,boost::function<R (const boost::signals2::connection &)>,boost::signals2::mutex>' necesita tener una interfaz DLL para que la utilicen los clientes de class 'Wt::EventSignalBase'
          with
          [
              Group=int
  ,            Signature=void (void)
  ,            R=void
          ]
C:\Program Files\Wt 3.3.7 msvs2013 x64\include\Wt/WEvent(89): warning C4251: 'Wt::JavaScriptEvent::modifiers' : class 'Wt::WFlags<Wt::KeyboardModifier>' necesita tener una interfaz DLL para que la utilicen los clientes de class 'Wt::JavaScriptEvent'
C:\Program Files\Wt 3.3.7 msvs2013 x64\include\Wt/WEvent(92): warning C4251: 'Wt::JavaScriptEvent::touches' : class 'std::vector<Wt::Touch,std::allocator<_Ty>>' necesita tener una interfaz DLL para que la utilicen los clientes de class 'Wt::JavaScriptEvent'
          with
          [
              _Ty=Wt::Touch
          ]
C:\Program Files\Wt 3.3.7 msvs2013 x64\include\Wt/WEvent(92): warning C4251: 'Wt::JavaScriptEvent::targetTouches' : class 'std::vector<Wt::Touch,std::allocator<_Ty>>' necesita tener una interfaz DLL para que la utilicen los clientes de class 'Wt::JavaScriptEvent'
          with
          [
              _Ty=Wt::Touch
          ]
C:\Program Files\Wt 3.3.7 msvs2013 x64\include\Wt/WEvent(92): warning C4251: 'Wt::JavaScriptEvent::changedTouches' : class 'std::vector<Wt::Touch,std::allocator<_Ty>>' necesita tener una interfaz DLL para que la utilicen los clientes de class 'Wt::JavaScriptEvent'
          with
          [
              _Ty=Wt::Touch
          ]
C:\Program Files\Wt 3.3.7 msvs2013 x64\include\Wt/WEvent(101): warning C4251: 'Wt::JavaScriptEvent::type' : class 'std::basic_string<char,std::char_traits<char>,std::allocator<char>>' necesita tener una interfaz DLL para que la utilicen los clientes de class 'Wt::JavaScriptEvent'
C:\Program Files\Wt 3.3.7 msvs2013 x64\include\Wt/WEvent(104): warning C4251: 'Wt::JavaScriptEvent::tid' : class 'std::basic_string<char,std::char_traits<char>,std::allocator<char>>' necesita tener una interfaz DLL para que la utilicen los clientes de class 'Wt::JavaScriptEvent'
C:\Program Files\Wt 3.3.7 msvs2013 x64\include\Wt/WEvent(106): warning C4251: 'Wt::JavaScriptEvent::response' : class 'std::basic_string<char,std::char_traits<char>,std::allocator<char>>' necesita tener una interfaz DLL para que la utilicen los clientes de class 'Wt::JavaScriptEvent'
C:\Program Files\Wt 3.3.7 msvs2013 x64\include\Wt/WEvent(108): warning C4251: 'Wt::JavaScriptEvent::userEventArgs' : class 'std::vector<std::string,std::allocator<_Ty>>' necesita tener una interfaz DLL para que la utilicen los clientes de class 'Wt::JavaScriptEvent'
          with
          [
              _Ty=std::string
          ]
C:\Program Files\Wt 3.3.7 msvs2013 x64\include\Wt/WEvent(467): warning C4251: 'Wt::WDropEvent::dropMimeType_' : class 'std::basic_string<char,std::char_traits<char>,std::allocator<char>>' necesita tener una interfaz DLL para que la utilicen los clientes de class 'Wt::WDropEvent'
C:\Program Files\Wt 3.3.7 msvs2013 x64\include\Wt/WException(42): warning C4251: 'Wt::WException::what_' : class 'std::basic_string<char,std::char_traits<char>,std::allocator<char>>' necesita tener una interfaz DLL para que la utilicen los clientes de class 'Wt::WException'
C:\Program Files\Wt 3.3.7 msvs2013 x64\include\Wt/WLogger(227): warning C4251: 'Wt::WLogger::fields_' : class 'std::vector<Wt::WLogger::Field,std::allocator<_Ty>>' necesita tener una interfaz DLL para que la utilicen los clientes de class 'Wt::WLogger'
          with
          [
              _Ty=Wt::WLogger::Field
          ]
C:\Program Files\Wt 3.3.7 msvs2013 x64\include\Wt/WLogger(235): warning C4251: 'Wt::WLogger::rules_' : class 'std::vector<Wt::WLogger::Rule,std::allocator<_Ty>>' necesita tener una interfaz DLL para que la utilicen los clientes de class 'Wt::WLogger'
          with
          [
              _Ty=Wt::WLogger::Rule
          ]
C:\Program Files\Wt 3.3.7 msvs2013 x64\include\Wt/WJavaScript(386): warning C4251: 'Wt::JSignal<Wt::NoClass,Wt::NoClass,Wt::NoClass,Wt::NoClass,Wt::NoClass,Wt::NoClass>::name_' : class 'std::basic_string<char,std::char_traits<char>,std::allocator<char>>' necesita tener una interfaz DLL para que la utilicen los clientes de class 'Wt::JSignal<Wt::NoClass,Wt::NoClass,Wt::NoClass,Wt::NoClass,Wt::NoClass,Wt::NoClass>'
C:\Program Files\Wt 3.3.7 msvs2013 x64\include\Wt/WJavaScript(386): warning C4251: 'Wt::JSignal<Wt::NoClass,Wt::NoClass,Wt::NoClass,Wt::NoClass,Wt::NoClass,Wt::NoClass>::senderId_' : class 'std::basic_string<char,std::char_traits<char>,std::allocator<char>>' necesita tener una interfaz DLL para que la utilicen los clientes de class 'Wt::JSignal<Wt::NoClass,Wt::NoClass,Wt::NoClass,Wt::NoClass,Wt::NoClass,Wt::NoClass>'
C:\Program Files\Wt 3.3.7 msvs2013 x64\include\Wt/WWidget(1356): warning C4251: 'Wt::WWidget::flags_' : class 'std::bitset<0x07>' necesita tener una interfaz DLL para que la utilicen los clientes de class 'Wt::WWidget'
C:\Program Files\Wt 3.3.7 msvs2013 x64\include\Wt/WWidget(1358): warning C4251: 'Wt::WWidget::eventSignals_' : class 'std::list<Wt::EventSignalBase *,std::allocator<_Ty>>' necesita tener una interfaz DLL para que la utilicen los clientes de class 'Wt::WWidget'
          with
          [
              _Ty=Wt::EventSignalBase *
          ]
C:\Program Files\Wt 3.3.7 msvs2013 x64\include\Wt/WWidget(1359): warning C4251: 'Wt::WWidget::jsignals_' : class 'std::vector<Wt::EventSignalBase *,std::allocator<_Ty>>' necesita tener una interfaz DLL para que la utilicen los clientes de class 'Wt::WWidget'
          with
          [
              _Ty=Wt::EventSignalBase *
          ]
C:\Program Files\Wt 3.3.7 msvs2013 x64\include\Wt/WWebWidget(407): warning C4251: 'Wt::WWebWidget::elementTagName_' : class 'std::basic_string<char,std::char_traits<char>,std::allocator<char>>' necesita tener una interfaz DLL para que la utilicen los clientes de class 'Wt::WWebWidget'
C:\Program Files\Wt 3.3.7 msvs2013 x64\include\Wt/WWebWidget(410): warning C4251: 'Wt::WWebWidget::AllChangeFlags' : class 'std::bitset<0x024>' necesita tener una interfaz DLL para que la utilicen los clientes de class 'Wt::WWebWidget'
C:\Program Files\Wt 3.3.7 msvs2013 x64\include\Wt/WWebWidget(418): warning C4251: 'Wt::WWebWidget::flags_' : class 'std::bitset<0x024>' necesita tener una interfaz DLL para que la utilicen los clientes de class 'Wt::WWebWidget'
C:\Program Files\Wt 3.3.7 msvs2013 x64\include\Wt/WWebWidget(529): warning C4251: 'Wt::WWebWidget::emptyWidgetList_' : class 'std::vector<Wt::WWidget *,std::allocator<_Ty>>' necesita tener una interfaz DLL para que la utilicen los clientes de class 'Wt::WWebWidget'
          with
          [
              _Ty=Wt::WWidget *
          ]
C:\Program Files\Wt 3.3.7 msvs2013 x64\include\Wt/WLink(186): warning C4251: 'Wt::WLink::value_' : class 'boost::variant<std::string,Wt::WResource *,boost::detail::variant::void_,boost::detail::variant::void_,boost::detail::variant::void_,boost::detail::variant::void_,boost::detail::variant::void_,boost::detail::variant::void_,boost::detail::variant::void_,boost::detail::variant::void_,boost::detail::variant::void_,boost::detail::variant::void_,boost::detail::variant::void_,boost::detail::variant::void_,boost::detail::variant::void_,boost::detail::variant::void_,boost::detail::variant::void_,boost::detail::variant::void_,boost::detail::variant::void_,boost::detail::variant::void_>' necesita tener una interfaz DLL para que la utilicen los clientes de class 'Wt::WLink'
C:\Program Files\Wt 3.3.7 msvs2013 x64\include\Wt/WCssDecorationStyle(220): warning C4251: 'Wt::WCssDecorationStyle::cursorImage_' : class 'std::basic_string<char,std::char_traits<char>,std::allocator<char>>' necesita tener una interfaz DLL para que la utilicen los clientes de class 'Wt::WCssDecorationStyle'
C:\Program Files\Wt 3.3.7 msvs2013 x64\include\Wt/WCssDecorationStyle(226): warning C4251: 'Wt::WCssDecorationStyle::backgroundImageLocation_' : class 'Wt::WFlags<Wt::Side>' necesita tener una interfaz DLL para que la utilicen los clientes de class 'Wt::WCssDecorationStyle'
C:\Program Files\Wt 3.3.7 msvs2013 x64\include\Wt/WCssDecorationStyle(228): warning C4251: 'Wt::WCssDecorationStyle::textDecoration_' : class 'Wt::WFlags<Wt::WCssDecorationStyle::TextDecoration>' necesita tener una interfaz DLL para que la utilicen los clientes de class 'Wt::WCssDecorationStyle'
C:\Program Files\Wt 3.3.7 msvs2013 x64\include\Wt/WCssStyleSheet(78): warning C4251: 'Wt::WCssRule::selector_' : class 'std::basic_string<char,std::char_traits<char>,std::allocator<char>>' necesita tener una interfaz DLL para que la utilicen los clientes de class 'Wt::WCssRule'
C:\Program Files\Wt 3.3.7 msvs2013 x64\include\Wt/WCssStyleSheet(286): warning C4251: 'Wt::WCssStyleSheet::media_' : class 'std::basic_string<char,std::char_traits<char>,std::allocator<char>>' necesita tener una interfaz DLL para que la utilicen los clientes de class 'Wt::WCssStyleSheet'
C:\Program Files\Wt 3.3.7 msvs2013 x64\include\Wt/WCssStyleSheet(288): warning C4251: 'Wt::WCssStyleSheet::rules_' : class 'std::vector<Wt::WCssRule *,std::allocator<_Ty>>' necesita tener una interfaz DLL para que la utilicen los clientes de class 'Wt::WCssStyleSheet'
          with
          [
              _Ty=Wt::WCssRule *
          ]
C:\Program Files\Wt 3.3.7 msvs2013 x64\include\Wt/WCssStyleSheet(289): warning C4251: 'Wt::WCssStyleSheet::rulesAdded_' : class 'std::vector<Wt::WCssRule *,std::allocator<_Ty>>' necesita tener una interfaz DLL para que la utilicen los clientes de class 'Wt::WCssStyleSheet'
          with
          [
              _Ty=Wt::WCssRule *
          ]
C:\Program Files\Wt 3.3.7 msvs2013 x64\include\Wt/WCssStyleSheet(291): warning C4251: 'Wt::WCssStyleSheet::rulesModified_' : class 'std::set<Wt::WCssRule *,std::less<_Kty>,std::allocator<_Ty>>' necesita tener una interfaz DLL para que la utilicen los clientes de class 'Wt::WCssStyleSheet'
          with
          [
              _Kty=Wt::WCssRule *
  ,            _Ty=Wt::WCssRule *
          ]
C:\Program Files\Wt 3.3.7 msvs2013 x64\include\Wt/WCssStyleSheet(292): warning C4251: 'Wt::WCssStyleSheet::rulesRemoved_' : class 'std::vector<std::string,std::allocator<_Ty>>' necesita tener una interfaz DLL para que la utilicen los clientes de class 'Wt::WCssStyleSheet'
          with
          [
              _Ty=std::string
          ]
C:\Program Files\Wt 3.3.7 msvs2013 x64\include\Wt/WCssStyleSheet(294): warning C4251: 'Wt::WCssStyleSheet::defined_' : class 'std::set<std::string,std::less<_Kty>,std::allocator<_Ty>>' necesita tener una interfaz DLL para que la utilicen los clientes de class 'Wt::WCssStyleSheet'
          with
          [
              _Kty=std::string
  ,            _Ty=std::string
          ]
C:\Program Files\Wt 3.3.7 msvs2013 x64\include\Wt/WLocale(233): warning C4251: 'Wt::WLocale::name_' : class 'std::basic_string<char,std::char_traits<char>,std::allocator<char>>' necesita tener una interfaz DLL para que la utilicen los clientes de class 'Wt::WLocale'
C:\Program Files\Wt 3.3.7 msvs2013 x64\include\Wt/WLocale(234): warning C4251: 'Wt::WLocale::decimalPoint_' : class 'std::basic_string<char,std::char_traits<char>,std::allocator<char>>' necesita tener una interfaz DLL para que la utilicen los clientes de class 'Wt::WLocale'
C:\Program Files\Wt 3.3.7 msvs2013 x64\include\Wt/WLocale(234): warning C4251: 'Wt::WLocale::groupSeparator_' : class 'std::basic_string<char,std::char_traits<char>,std::allocator<char>>' necesita tener una interfaz DLL para que la utilicen los clientes de class 'Wt::WLocale'
C:\Program Files\Wt 3.3.7 msvs2013 x64\include\Wt/WLocale(237): warning C4251: 'Wt::WLocale::time_zone_' : class 'boost::shared_ptr<tz_type>' necesita tener una interfaz DLL para que la utilicen los clientes de class 'Wt::WLocale'
          with
          [
              tz_type=boost::date_time::time_zone_base<boost::posix_time::ptime,char>
          ]
C:\Program Files\Wt 3.3.7 msvs2013 x64\include\Wt/WMessageResourceBundle(171): warning C4251: 'Wt::WMessageResourceBundle::messageResources_' : class 'std::vector<Wt::WMessageResources *,std::allocator<_Ty>>' necesita tener una interfaz DLL para que la utilicen los clientes de class 'Wt::WMessageResourceBundle'
          with
          [
              _Ty=Wt::WMessageResources *
          ]
C:\Program Files\Wt 3.3.7 msvs2013 x64\include\Wt/WApplication(2183): warning C4251: 'Wt::WApplication::requestTooLarge_' : class 'Wt::Signal<int64_t,Wt::NoClass,Wt::NoClass,Wt::NoClass,Wt::NoClass,Wt::NoClass>' necesita tener una interfaz DLL para que la utilicen los clientes de class 'Wt::WApplication'
C:\Program Files\Wt 3.3.7 msvs2013 x64\include\Wt/WApplication(2225): warning C4251: 'Wt::WApplication::weakSession_' : class 'boost::weak_ptr<Wt::WebSession>' necesita tener una interfaz DLL para que la utilicen los clientes de class 'Wt::WApplication'
C:\Program Files\Wt 3.3.7 msvs2013 x64\include\Wt/WApplication(2237): warning C4251: 'Wt::WApplication::renderedInternalPath_' : class 'std::basic_string<char,std::char_traits<char>,std::allocator<char>>' necesita tener una interfaz DLL para que la utilicen los clientes de class 'Wt::WApplication'
C:\Program Files\Wt 3.3.7 msvs2013 x64\include\Wt/WApplication(2237): warning C4251: 'Wt::WApplication::newInternalPath_' : class 'std::basic_string<char,std::char_traits<char>,std::allocator<char>>' necesita tener una interfaz DLL para que la utilicen los clientes de class 'Wt::WApplication'
C:\Program Files\Wt 3.3.7 msvs2013 x64\include\Wt/WApplication(2238): warning C4251: 'Wt::WApplication::internalPathChanged_' : class 'Wt::Signal<std::string,Wt::NoClass,Wt::NoClass,Wt::NoClass,Wt::NoClass,Wt::NoClass>' necesita tener una interfaz DLL para que la utilicen los clientes de class 'Wt::WApplication'
C:\Program Files\Wt 3.3.7 msvs2013 x64\include\Wt/WApplication(2238): warning C4251: 'Wt::WApplication::internalPathInvalid_' : class 'Wt::Signal<std::string,Wt::NoClass,Wt::NoClass,Wt::NoClass,Wt::NoClass,Wt::NoClass>' necesita tener una interfaz DLL para que la utilicen los clientes de class 'Wt::WApplication'
C:\Program Files\Wt 3.3.7 msvs2013 x64\include\Wt/WApplication(2246): warning C4251: 'Wt::WApplication::javaScriptClass_' : class 'std::basic_string<char,std::char_traits<char>,std::allocator<char>>' necesita tener una interfaz DLL para que la utilicen los clientes de class 'Wt::WApplication'
C:\Program Files\Wt 3.3.7 msvs2013 x64\include\Wt/WApplication(2256): warning C4251: 'Wt::WApplication::htmlClass_' : class 'std::basic_string<char,std::char_traits<char>,std::allocator<char>>' necesita tener una interfaz DLL para que la utilicen los clientes de class 'Wt::WApplication'
C:\Program Files\Wt 3.3.7 msvs2013 x64\include\Wt/WApplication(2256): warning C4251: 'Wt::WApplication::bodyClass_' : class 'std::basic_string<char,std::char_traits<char>,std::allocator<char>>' necesita tener una interfaz DLL para que la utilicen los clientes de class 'Wt::WApplication'
C:\Program Files\Wt 3.3.7 msvs2013 x64\include\Wt/WApplication(2262): warning C4251: 'Wt::WApplication::focusId_' : class 'std::basic_string<char,std::char_traits<char>,std::allocator<char>>' necesita tener una interfaz DLL para que la utilicen los clientes de class 'Wt::WApplication'
C:\Program Files\Wt 3.3.7 msvs2013 x64\include\Wt/WApplication(2266): warning C4251: 'Wt::WApplication::scriptLibraries_' : class 'std::vector<Wt::WApplication::ScriptLibrary,std::allocator<_Ty>>' necesita tener una interfaz DLL para que la utilicen los clientes de class 'Wt::WApplication'
          with
          [
              _Ty=Wt::WApplication::ScriptLibrary
          ]
C:\Program Files\Wt 3.3.7 msvs2013 x64\include\Wt/WApplication(2270): warning C4251: 'Wt::WApplication::styleSheets_' : class 'std::vector<Wt::WCssStyleSheet,std::allocator<_Ty>>' necesita tener una interfaz DLL para que la utilicen los clientes de class 'Wt::WApplication'
          with
          [
              _Ty=Wt::WCssStyleSheet
          ]
C:\Program Files\Wt 3.3.7 msvs2013 x64\include\Wt/WApplication(2271): warning C4251: 'Wt::WApplication::styleSheetsToRemove_' : class 'std::vector<Wt::WCssStyleSheet,std::allocator<_Ty>>' necesita tener una interfaz DLL para que la utilicen los clientes de class 'Wt::WApplication'
          with
          [
              _Ty=Wt::WCssStyleSheet
          ]
C:\Program Files\Wt 3.3.7 msvs2013 x64\include\Wt/WApplication(2275): warning C4251: 'Wt::WApplication::metaHeaders_' : class 'std::vector<Wt::MetaHeader,std::allocator<_Ty>>' necesita tener una interfaz DLL para que la utilicen los clientes de class 'Wt::WApplication'
          with
          [
              _Ty=Wt::MetaHeader
          ]
C:\Program Files\Wt 3.3.7 msvs2013 x64\include\Wt/WApplication(2276): warning C4251: 'Wt::WApplication::metaLinks_' : class 'std::vector<Wt::WApplication::MetaLink,std::allocator<_Ty>>' necesita tener una interfaz DLL para que la utilicen los clientes de class 'Wt::WApplication'
          with
          [
              _Ty=Wt::WApplication::MetaLink
          ]
C:\Program Files\Wt 3.3.7 msvs2013 x64\include\Wt/WApplication(2278): warning C4251: 'Wt::WApplication::exposedSignals_' : class 'std::map<std::string,Wt::EventSignalBase *,std::less<_Kty>,std::allocator<std::pair<const _Kty,_Ty>>>' necesita tener una interfaz DLL para que la utilicen los clientes de class 'Wt::WApplication'
          with
          [
              _Kty=std::string
  ,            _Ty=Wt::EventSignalBase *
          ]
C:\Program Files\Wt 3.3.7 msvs2013 x64\include\Wt/WApplication(2279): warning C4251: 'Wt::WApplication::exposedResources_' : class 'std::map<std::string,Wt::WResource *,std::less<_Kty>,std::allocator<std::pair<const _Kty,_Ty>>>' necesita tener una interfaz DLL para que la utilicen los clientes de class 'Wt::WApplication'
          with
          [
              _Kty=std::string
  ,            _Ty=Wt::WResource *
          ]
C:\Program Files\Wt 3.3.7 msvs2013 x64\include\Wt/WApplication(2280): warning C4251: 'Wt::WApplication::encodedObjects_' : class 'std::map<std::string,Wt::WObject *,std::less<_Kty>,std::allocator<std::pair<const _Kty,_Ty>>>' necesita tener una interfaz DLL para que la utilicen los clientes de class 'Wt::WApplication'
          with
          [
              _Kty=std::string
  ,            _Ty=Wt::WObject *
          ]
C:\Program Files\Wt 3.3.7 msvs2013 x64\include\Wt/WApplication(2282): warning C4251: 'Wt::WApplication::justRemovedSignals_' : class 'std::set<std::string,std::less<_Kty>,std::allocator<_Ty>>' necesita tener una interfaz DLL para que la utilicen los clientes de class 'Wt::WApplication'
          with
          [
              _Kty=std::string
  ,            _Ty=std::string
          ]
C:\Program Files\Wt 3.3.7 msvs2013 x64\include\Wt/WApplication(2287): warning C4251: 'Wt::WApplication::afterLoadJavaScript_' : class 'std::basic_string<char,std::char_traits<char>,std::allocator<char>>' necesita tener una interfaz DLL para que la utilicen los clientes de class 'Wt::WApplication'
C:\Program Files\Wt 3.3.7 msvs2013 x64\include\Wt/WApplication(2287): warning C4251: 'Wt::WApplication::beforeLoadJavaScript_' : class 'std::basic_string<char,std::char_traits<char>,std::allocator<char>>' necesita tener una interfaz DLL para que la utilicen los clientes de class 'Wt::WApplication'
C:\Program Files\Wt 3.3.7 msvs2013 x64\include\Wt/WApplication(2289): warning C4251: 'Wt::WApplication::autoJavaScript_' : class 'std::basic_string<char,std::char_traits<char>,std::allocator<char>>' necesita tener una interfaz DLL para que la utilicen los clientes de class 'Wt::WApplication'
C:\Program Files\Wt 3.3.7 msvs2013 x64\include\Wt/WApplication(2293): warning C4251: 'Wt::WApplication::javaScriptPreamble_' : class 'std::vector<Wt::WJavaScriptPreamble,std::allocator<_Ty>>' necesita tener una interfaz DLL para que la utilicen los clientes de class 'Wt::WApplication'
          with
          [
              _Ty=Wt::WJavaScriptPreamble
          ]
C:\Program Files\Wt 3.3.7 msvs2013 x64\include\Wt/WApplication(2298): warning C4251: 'Wt::WApplication::javaScriptLoaded_' : class 'std::set<const char *,std::less<_Kty>,std::allocator<_Kty>>' necesita tener una interfaz DLL para que la utilicen los clientes de class 'Wt::WApplication'
          with
          [
              _Kty=const char *
          ]
C:\Program Files\Wt 3.3.7 msvs2013 x64\include\Wt/WApplication(2301): warning C4251: 'Wt::WApplication::showLoadingIndicator_' : class 'Wt::EventSignal<Wt::NoClass>' necesita tener una interfaz DLL para que la utilicen los clientes de class 'Wt::WApplication'
C:\Program Files\Wt 3.3.7 msvs2013 x64\include\Wt/WApplication(2301): warning C4251: 'Wt::WApplication::hideLoadingIndicator_' : class 'Wt::EventSignal<Wt::NoClass>' necesita tener una interfaz DLL para que la utilicen los clientes de class 'Wt::WApplication'
C:\Program Files\Wt 3.3.7 msvs2013 x64\include\Wt/WApplication(2304): warning C4251: 'Wt::WApplication::objectStore_' : class 'std::map<const char *,boost::any,std::less<_Kty>,std::allocator<std::pair<const _Kty,_Ty>>>' necesita tener una interfaz DLL para que la utilicen los clientes de class 'Wt::WApplication'
          with
          [
              _Kty=const char *
  ,            _Ty=boost::any
          ]
C:\Program Files\Wt 3.3.7 msvs2013 x64\include\Wt/WResource(417): warning C4251: 'Wt::WResource::mutex_' : class 'boost::shared_ptr<boost::recursive_mutex>' necesita tener una interfaz DLL para que la utilicen los clientes de class 'Wt::WResource'
C:\Program Files\Wt 3.3.7 msvs2013 x64\include\Wt/WResource(420): warning C4251: 'Wt::WResource::useDone_' : class 'boost::condition_variable_any' necesita tener una interfaz DLL para que la utilicen los clientes de class 'Wt::WResource'
          C:\Program Files\Wt 3.3.7 msvs2013 x64\include\boost/thread/win32/condition_variable.hpp(441) : vea la declaración de 'boost::condition_variable_any'
C:\Program Files\Wt 3.3.7 msvs2013 x64\include\Wt/WResource(424): warning C4251: 'Wt::WResource::dataReceived_' : class 'Wt::Signal<uint64_t,uint64_t,Wt::NoClass,Wt::NoClass,Wt::NoClass,Wt::NoClass>' necesita tener una interfaz DLL para que la utilicen los clientes de class 'Wt::WResource'
C:\Program Files\Wt 3.3.7 msvs2013 x64\include\Wt/WResource(425): warning C4251: 'Wt::WResource::dataExceeded_' : class 'Wt::Signal<uint64_t,Wt::NoClass,Wt::NoClass,Wt::NoClass,Wt::NoClass,Wt::NoClass>' necesita tener una interfaz DLL para que la utilicen los clientes de class 'Wt::WResource'
C:\Program Files\Wt 3.3.7 msvs2013 x64\include\Wt/WResource(429): warning C4251: 'Wt::WResource::continuations_' : class 'std::vector<Wt::Http::ResponseContinuationPtr,std::allocator<_Ty>>' necesita tener una interfaz DLL para que la utilicen los clientes de class 'Wt::WResource'
          with
          [
              _Ty=Wt::Http::ResponseContinuationPtr
          ]
C:\Program Files\Wt 3.3.7 msvs2013 x64\include\Wt/WResource(440): warning C4251: 'Wt::WResource::currentUrl_' : class 'std::basic_string<char,std::char_traits<char>,std::allocator<char>>' necesita tener una interfaz DLL para que la utilicen los clientes de class 'Wt::WResource'
C:\Program Files\Wt 3.3.7 msvs2013 x64\include\Wt/WResource(441): warning C4251: 'Wt::WResource::internalPath_' : class 'std::basic_string<char,std::char_traits<char>,std::allocator<char>>' necesita tener una interfaz DLL para que la utilicen los clientes de class 'Wt::WResource'
C:\Program Files\Wt 3.3.7 msvs2013 x64\include\Wt/WStreamResource(108): warning C4251: 'Wt::WStreamResource::mimeType_' : class 'std::basic_string<char,std::char_traits<char>,std::allocator<char>>' necesita tener una interfaz DLL para que la utilicen los clientes de class 'Wt::WStreamResource'
C:\Program Files\Wt 3.3.7 msvs2013 x64\include\Wt/WFileResource(105): warning C4251: 'Wt::WFileResource::fileName_' : class 'std::basic_string<char,std::char_traits<char>,std::allocator<char>>' necesita tener una interfaz DLL para que la utilicen los clientes de class 'Wt::WFileResource'
C:\Program Files\Wt 3.3.7 msvs2013 x64\include\Wt/WContainerWidget(388): warning C4251: 'Wt::WContainerWidget::flags_' : class 'std::bitset<0x08>' necesita tener una interfaz DLL para que la utilicen los clientes de class 'Wt::WContainerWidget'
C:\Program Files\Wt 3.3.7 msvs2013 x64\include\Wt/WContainerWidget(389): warning C4251: 'Wt::WContainerWidget::contentAlignment_' : class 'Wt::WFlags<Wt::AlignmentFlag>' necesita tener una interfaz DLL para que la utilicen los clientes de class 'Wt::WContainerWidget'
C:\Program Files\Wt 3.3.7 msvs2013 x64\include\Wt/WValidator(202): warning C4251: 'Wt::WValidator::formWidgets_' : class 'std::vector<Wt::WFormWidget *,std::allocator<_Ty>>' necesita tener una interfaz DLL para que la utilicen los clientes de class 'Wt::WValidator'
          with
          [
              _Ty=Wt::WFormWidget *
          ]
C:\Program Files\Wt 3.3.7 msvs2013 x64\include\Wt/WFormWidget(202): warning C4251: 'Wt::WFormWidget::flags_' : class 'std::bitset<0x06>' necesita tener una interfaz DLL para que la utilicen los clientes de class 'Wt::WFormWidget'
C:\Program Files\Wt 3.3.7 msvs2013 x64\include\Wt/WFormWidget(203): warning C4251: 'Wt::WFormWidget::validated_' : class 'Wt::Signal<Wt::WValidator::Result,Wt::NoClass,Wt::NoClass,Wt::NoClass,Wt::NoClass,Wt::NoClass>' necesita tener una interfaz DLL para que la utilicen los clientes de class 'Wt::WFormWidget'
C:\Program Files\Wt 3.3.7 msvs2013 x64\include\Wt/WLineEdit(329): warning C4251: 'Wt::WLineEdit::flags_' : class 'std::bitset<0x05>' necesita tener una interfaz DLL para que la utilicen los clientes de class 'Wt::WLineEdit'
C:\Program Files\Wt 3.3.7 msvs2013 x64\include\Wt/WLineEdit(331): warning C4251: 'Wt::WLineEdit::SKIPPABLE_MASK_CHARS' : class 'std::basic_string<char,std::char_traits<char>,std::allocator<char>>' necesita tener una interfaz DLL para que la utilicen los clientes de class 'Wt::WLineEdit'
C:\Program Files\Wt 3.3.7 msvs2013 x64\include\Wt/WLineEdit(334): warning C4251: 'Wt::WLineEdit::mask_' : class 'std::basic_string<char,std::char_traits<char>,std::allocator<char>>' necesita tener una interfaz DLL para que la utilicen los clientes de class 'Wt::WLineEdit'
C:\Program Files\Wt 3.3.7 msvs2013 x64\include\Wt/WLineEdit(336): warning C4251: 'Wt::WLineEdit::inputMask_' : class 'std::basic_string<wchar_t,std::char_traits<wchar_t>,std::allocator<wchar_t>>' necesita tener una interfaz DLL para que la utilicen los clientes de class 'Wt::WLineEdit'
C:\Program Files\Wt 3.3.7 msvs2013 x64\include\Wt/WLineEdit(337): warning C4251: 'Wt::WLineEdit::raw_' : class 'std::basic_string<wchar_t,std::char_traits<wchar_t>,std::allocator<wchar_t>>' necesita tener una interfaz DLL para que la utilicen los clientes de class 'Wt::WLineEdit'
C:\Program Files\Wt 3.3.7 msvs2013 x64\include\Wt/WLineEdit(344): warning C4251: 'Wt::WLineEdit::inputMaskFlags_' : class 'Wt::WFlags<Wt::WLineEdit::InputMaskFlag>' necesita tener una interfaz DLL para que la utilicen los clientes de class 'Wt::WLineEdit'
C:\Program Files\Wt 3.3.7 msvs2013 x64\include\Wt/WLineEdit(345): warning C4251: 'Wt::WLineEdit::case_' : class 'std::basic_string<char,std::char_traits<char>,std::allocator<char>>' necesita tener una interfaz DLL para que la utilicen los clientes de class 'Wt::WLineEdit'
C:\Program Files\Wt 3.3.7 msvs2013 x64\include\Wt/WAnchor(346): warning C4251: 'Wt::WAnchor::flags_' : class 'std::bitset<0x02>' necesita tener una interfaz DLL para que la utilicen los clientes de class 'Wt::WAnchor'
C:\Program Files\Wt 3.3.7 msvs2013 x64\include\Wt/WText(268): warning C4251: 'Wt::WText::text_' : struct 'Wt::WText::RichText' necesita tener una interfaz DLL para que la utilicen los clientes de class 'Wt::WText'
          C:\Program Files\Wt 3.3.7 msvs2013 x64\include\Wt/WText(256) : vea la declaración de 'Wt::WText::RichText'
C:\Program Files\Wt 3.3.7 msvs2013 x64\include\Wt/WText(280): warning C4251: 'Wt::WText::flags_' : class 'std::bitset<0x09>' necesita tener una interfaz DLL para que la utilicen los clientes de class 'Wt::WText'
C:\Program Files\Wt 3.3.7 msvs2013 x64\include\Wt/WPushButton(334): warning C4251: 'Wt::WPushButton::text_' : struct 'Wt::WText::RichText' necesita tener una interfaz DLL para que la utilicen los clientes de class 'Wt::WPushButton'
          C:\Program Files\Wt 3.3.7 msvs2013 x64\include\Wt/WText(256) : vea la declaración de 'Wt::WText::RichText'
C:\Program Files\Wt 3.3.7 msvs2013 x64\include\Wt/WPushButton(337): warning C4251: 'Wt::WPushButton::flags_' : class 'std::bitset<0x08>' necesita tener una interfaz DLL para que la utilicen los clientes de class 'Wt::WPushButton'
C:\Program Files\Wt 3.3.7 msvs2013 x64\include\Wt/WFileUpload(328): warning C4251: 'Wt::WFileUpload::flags_' : class 'std::bitset<0x06>' necesita tener una interfaz DLL para que la utilicen los clientes de class 'Wt::WFileUpload'
C:\Program Files\Wt 3.3.7 msvs2013 x64\include\Wt/WFileUpload(332): warning C4251: 'Wt::WFileUpload::uploadedFiles_' : class 'std::vector<Wt::Http::UploadedFile,std::allocator<_Ty>>' necesita tener una interfaz DLL para que la utilicen los clientes de class 'Wt::WFileUpload'
          with
          [
              _Ty=Wt::Http::UploadedFile
          ]
C:\Program Files\Wt 3.3.7 msvs2013 x64\include\Wt/WFileUpload(334): warning C4251: 'Wt::WFileUpload::fileTooLarge_' : class 'Wt::JSignal<int64_t,Wt::NoClass,Wt::NoClass,Wt::NoClass,Wt::NoClass,Wt::NoClass>' necesita tener una interfaz DLL para que la utilicen los clientes de class 'Wt::WFileUpload'
C:\Program Files\Wt 3.3.7 msvs2013 x64\include\Wt/WFileUpload(336): warning C4251: 'Wt::WFileUpload::dataReceived_' : class 'Wt::Signal<uint64_t,uint64_t,Wt::NoClass,Wt::NoClass,Wt::NoClass,Wt::NoClass>' necesita tener una interfaz DLL para que la utilicen los clientes de class 'Wt::WFileUpload'
C:\Program Files\Wt 3.3.7 msvs2013 x64\include\Wt/WFileUpload(341): warning C4251: 'Wt::WFileUpload::acceptAttributes_' : class 'std::basic_string<char,std::char_traits<char>,std::allocator<char>>' necesita tener una interfaz DLL para que la utilicen los clientes de class 'Wt::WFileUpload'
D:\Totto\Visual Studio 2013\Proyecto2\GUI\gui.cpp(72): warning C4996: 'strcpy': This function or variable may be unsafe. Consider using strcpy_s instead. To disable deprecation, use _CRT_SECURE_NO_WARNINGS. See online help for details.
          C:\Program Files (x86)\Microsoft Visual Studio 12.0\VC\include\string.h(112) : vea la declaración de 'strcpy'
D:\Totto\Visual Studio 2013\Proyecto2\GUI\gui.cpp(73): warning C4996: 'strcpy': This function or variable may be unsafe. Consider using strcpy_s instead. To disable deprecation, use _CRT_SECURE_NO_WARNINGS. See online help for details.
          C:\Program Files (x86)\Microsoft Visual Studio 12.0\VC\include\string.h(112) : vea la declaración de 'strcpy'
D:\Totto\Visual Studio 2013\Proyecto2\GUI\gui.cpp(75): warning C4996: 'strcpy': This function or variable may be unsafe. Consider using strcpy_s instead. To disable deprecation, use _CRT_SECURE_NO_WARNINGS. See online help for details.
          C:\Program Files (x86)\Microsoft Visual Studio 12.0\VC\include\string.h(112) : vea la declaración de 'strcpy'
D:\Totto\Visual Studio 2013\Proyecto2\GUI\gui.cpp(144): warning C4996: 'strcpy': This function or variable may be unsafe. Consider using strcpy_s instead. To disable deprecation, use _CRT_SECURE_NO_WARNINGS. See online help for details.
          C:\Program Files (x86)\Microsoft Visual Studio 12.0\VC\include\string.h(112) : vea la declaración de 'strcpy'
D:\Totto\Visual Studio 2013\Proyecto2\GUI\gui.cpp(152): warning C4996: 'strcpy': This function or variable may be unsafe. Consider using strcpy_s instead. To disable deprecation, use _CRT_SECURE_NO_WARNINGS. See online help for details.
          C:\Program Files (x86)\Microsoft Visual Studio 12.0\VC\include\string.h(112) : vea la declaración de 'strcpy'
D:\Totto\Visual Studio 2013\Proyecto2\GUI\gui.cpp(153): warning C4996: 'strcpy': This function or variable may be unsafe. Consider using strcpy_s instead. To disable deprecation, use _CRT_SECURE_NO_WARNINGS. See online help for details.
          C:\Program Files (x86)\Microsoft Visual Studio 12.0\VC\include\string.h(112) : vea la declaración de 'strcpy'
D:\Totto\Visual Studio 2013\Proyecto2\GUI\gui.cpp(154): warning C4996: 'strcpy': This function or variable may be unsafe. Consider using strcpy_s instead. To disable deprecation, use _CRT_SECURE_NO_WARNINGS. See online help for details.
          C:\Program Files (x86)\Microsoft Visual Studio 12.0\VC\include\string.h(112) : vea la declaración de 'strcpy'
D:\Totto\Visual Studio 2013\Proyecto2\GUI\gui.cpp(167): warning C4996: 'strcpy': This function or variable may be unsafe. Consider using strcpy_s instead. To disable deprecation, use _CRT_SECURE_NO_WARNINGS. See online help for details.
          C:\Program Files (x86)\Microsoft Visual Studio 12.0\VC\include\string.h(112) : vea la declaración de 'strcpy'
D:\Totto\Visual Studio 2013\Proyecto2\GUI\gui.cpp(179): warning C4996: 'strcpy': This function or variable may be unsafe. Consider using strcpy_s instead. To disable deprecation, use _CRT_SECURE_NO_WARNINGS. See online help for details.
          C:\Program Files (x86)\Microsoft Visual Studio 12.0\VC\include\string.h(112) : vea la declaración de 'strcpy'
D:\Totto\Visual Studio 2013\Proyecto2\GUI\gui.cpp(198): warning C4996: 'strcpy': This function or variable may be unsafe. Consider using strcpy_s instead. To disable deprecation, use _CRT_SECURE_NO_WARNINGS. See online help for details.
          C:\Program Files (x86)\Microsoft Visual Studio 12.0\VC\include\string.h(112) : vea la declaración de 'strcpy'
D:\Totto\Visual Studio 2013\Proyecto2\GUI\gui.cpp(225): warning C4996: 'strcpy': This function or variable may be unsafe. Consider using strcpy_s instead. To disable deprecation, use _CRT_SECURE_NO_WARNINGS. See online help for details.
          C:\Program Files (x86)\Microsoft Visual Studio 12.0\VC\include\string.h(112) : vea la declaración de 'strcpy'
D:\Totto\Visual Studio 2013\Proyecto2\GUI\gui.cpp(257): warning C4996: 'strcpy': This function or variable may be unsafe. Consider using strcpy_s instead. To disable deprecation, use _CRT_SECURE_NO_WARNINGS. See online help for details.
          C:\Program Files (x86)\Microsoft Visual Studio 12.0\VC\include\string.h(112) : vea la declaración de 'strcpy'
D:\Totto\Visual Studio 2013\Proyecto2\GUI\gui.cpp(289): warning C4996: 'strcpy': This function or variable may be unsafe. Consider using strcpy_s instead. To disable deprecation, use _CRT_SECURE_NO_WARNINGS. See online help for details.
          C:\Program Files (x86)\Microsoft Visual Studio 12.0\VC\include\string.h(112) : vea la declaración de 'strcpy'
C:\Program Files (x86)\Microsoft Visual Studio 12.0\VC\include\xmemory(348): warning C4996: 'std::_Uninitialized_copy0': Function call with parameters that may be unsafe - this call relies on the caller to check that the passed values are correct. To disable this warning, use -D_SCL_SECURE_NO_WARNINGS. See documentation on how to use Visual C++ 'Checked Iterators'
          C:\Program Files (x86)\Microsoft Visual Studio 12.0\VC\include\xmemory(333) : vea la declaración de 'std::_Uninitialized_copy0'
          C:\Program Files\Wt 3.3.7 msvs2013 x64\include\boost/signals2/detail/auto_buffer.hpp(191) : vea la referencia a la creación de instancias de plantilla de función '_FwdIt std::uninitialized_copy<I,boost::shared_ptr<void>*>(_InIt,_InIt,_FwdIt)' que se está compilando
          with
          [
              _FwdIt=boost::shared_ptr<void> *
  ,            I=boost::shared_ptr<void> *
  ,            _InIt=boost::shared_ptr<void> *
          ]
          C:\Program Files\Wt 3.3.7 msvs2013 x64\include\boost/signals2/detail/auto_buffer.hpp(178) : vea la referencia a la creación de instancias de plantilla de función 'void boost::signals2::detail::auto_buffer<boost::shared_ptr<void>,boost::signals2::detail::store_n_objects<10>,boost::signals2::detail::default_grow_policy,std::allocator<T>>::copy_rai<I,false>(I,I,boost::shared_ptr<void> *,const boost::integral_constant<bool,false> &)' que se está compilando
          with
          [
              T=boost::shared_ptr<void>
  ,            I=boost::shared_ptr<void> *
          ]
          C:\Program Files\Wt 3.3.7 msvs2013 x64\include\boost/signals2/detail/auto_buffer.hpp(178) : vea la referencia a la creación de instancias de plantilla de función 'void boost::signals2::detail::auto_buffer<boost::shared_ptr<void>,boost::signals2::detail::store_n_objects<10>,boost::signals2::detail::default_grow_policy,std::allocator<T>>::copy_rai<I,false>(I,I,boost::shared_ptr<void> *,const boost::integral_constant<bool,false> &)' que se está compilando
          with
          [
              T=boost::shared_ptr<void>
  ,            I=boost::shared_ptr<void> *
          ]
          C:\Program Files\Wt 3.3.7 msvs2013 x64\include\boost/signals2/detail/auto_buffer.hpp(204) : vea la referencia a la creación de instancias de plantilla de función 'void boost::signals2::detail::auto_buffer<boost::shared_ptr<void>,boost::signals2::detail::store_n_objects<10>,boost::signals2::detail::default_grow_policy,std::allocator<T>>::copy_impl<I>(I,I,boost::shared_ptr<void> *,std::random_access_iterator_tag)' que se está compilando
          with
          [
              T=boost::shared_ptr<void>
  ,            I=boost::shared_ptr<void> *
          ]
          C:\Program Files\Wt 3.3.7 msvs2013 x64\include\boost/signals2/detail/auto_buffer.hpp(204) : vea la referencia a la creación de instancias de plantilla de función 'void boost::signals2::detail::auto_buffer<boost::shared_ptr<void>,boost::signals2::detail::store_n_objects<10>,boost::signals2::detail::default_grow_policy,std::allocator<T>>::copy_impl<I>(I,I,boost::shared_ptr<void> *,std::random_access_iterator_tag)' que se está compilando
          with
          [
              T=boost::shared_ptr<void>
  ,            I=boost::shared_ptr<void> *
          ]
          C:\Program Files\Wt 3.3.7 msvs2013 x64\include\boost/signals2/detail/auto_buffer.hpp(288) : vea la referencia a la creación de instancias de plantilla de función 'void boost::signals2::detail::auto_buffer<boost::shared_ptr<void>,boost::signals2::detail::store_n_objects<10>,boost::signals2::detail::default_grow_policy,std::allocator<T>>::copy_impl<boost::shared_ptr<void>*>(I,I,boost::shared_ptr<void> *)' que se está compilando
          with
          [
              T=boost::shared_ptr<void>
  ,            I=boost::shared_ptr<void> *
          ]
          C:\Program Files\Wt 3.3.7 msvs2013 x64\include\boost/signals2/detail/auto_buffer.hpp(288) : vea la referencia a la creación de instancias de plantilla de función 'void boost::signals2::detail::auto_buffer<boost::shared_ptr<void>,boost::signals2::detail::store_n_objects<10>,boost::signals2::detail::default_grow_policy,std::allocator<T>>::copy_impl<boost::shared_ptr<void>*>(I,I,boost::shared_ptr<void> *)' que se está compilando
          with
          [
              T=boost::shared_ptr<void>
  ,            I=boost::shared_ptr<void> *
          ]
          C:\Program Files\Wt 3.3.7 msvs2013 x64\include\boost/signals2/detail/auto_buffer.hpp(281) : durante la compilación de la función miembro de plantilla de clase 'boost::shared_ptr<void> *boost::signals2::detail::auto_buffer<boost::shared_ptr<void>,boost::signals2::detail::store_n_objects<10>,boost::signals2::detail::default_grow_policy,std::allocator<T>>::move_to_new_buffer(unsigned __int64,const boost::false_type &)'
          with
          [
              T=boost::shared_ptr<void>
          ]
          C:\Program Files\Wt 3.3.7 msvs2013 x64\include\boost/signals2/detail/auto_buffer.hpp(303) : vea la referencia a la creación de instancias de plantilla de función 'boost::shared_ptr<void> *boost::signals2::detail::auto_buffer<boost::shared_ptr<void>,boost::signals2::detail::store_n_objects<10>,boost::signals2::detail::default_grow_policy,std::allocator<T>>::move_to_new_buffer(unsigned __int64,const boost::false_type &)' que se está compilando
          with
          [
              T=boost::shared_ptr<void>
          ]
          C:\Program Files\Wt 3.3.7 msvs2013 x64\include\boost/signals2/connection.hpp(53) : vea la referencia a la creación de instancias de plantilla de clase 'boost::signals2::detail::auto_buffer<boost::shared_ptr<void>,boost::signals2::detail::store_n_objects<10>,boost::signals2::detail::default_grow_policy,std::allocator<T>>' que se está compilando
          with
          [
              T=boost::shared_ptr<void>
          ]
          C:\Program Files\Wt 3.3.7 msvs2013 x64\include\boost/signals2/connection.hpp(55) : vea la referencia a la creación de instancias de plantilla de clase 'boost::signals2::detail::garbage_collecting_lock<Mutex>' que se está compilando
          C:\Program Files (x86)\Microsoft Visual Studio 12.0\VC\include\xmemory(333) : vea la declaración de 'std::_Uninitialized_copy0'
  main.cpp
C:\Program Files\Wt 3.3.7 msvs2013 x64\include\Wt/WStringStream(210): warning C4251: 'Wt::WStringStream::bufs_' : class 'std::vector<std::pair<char *,int>,std::allocator<_Ty>>' necesita tener una interfaz DLL para que la utilicen los clientes de class 'Wt::WStringStream'
          with
          [
              _Ty=std::pair<char *,int>
          ]
C:\Program Files\Wt 3.3.7 msvs2013 x64\include\Wt/Http/Message(70): warning C4251: 'Wt::Http::Message::Header::name_' : class 'std::basic_string<char,std::char_traits<char>,std::allocator<char>>' necesita tener una interfaz DLL para que la utilicen los clientes de class 'Wt::Http::Message::Header'
C:\Program Files\Wt 3.3.7 msvs2013 x64\include\Wt/Http/Message(70): warning C4251: 'Wt::Http::Message::Header::value_' : class 'std::basic_string<char,std::char_traits<char>,std::allocator<char>>' necesita tener una interfaz DLL para que la utilicen los clientes de class 'Wt::Http::Message::Header'
C:\Program Files\Wt 3.3.7 msvs2013 x64\include\Wt/Http/Message(148): warning C4251: 'Wt::Http::Message::headers_' : class 'std::vector<Wt::Http::Message::Header,std::allocator<_Ty>>' necesita tener una interfaz DLL para que la utilicen los clientes de class 'Wt::Http::Message'
          with
          [
              _Ty=Wt::Http::Message::Header
          ]
C:\Program Files\Wt 3.3.7 msvs2013 x64\include\Wt/Http/Request(110): warning C4251: 'Wt::Http::UploadedFile::fileInfo_' : class 'boost::shared_ptr<Wt::Http::UploadedFile::Impl>' necesita tener una interfaz DLL para que la utilicen los clientes de class 'Wt::Http::UploadedFile'
C:\Program Files\Wt 3.3.7 msvs2013 x64\include\Wt/Http/Request(450): warning C4251: 'Wt::Http::Request::cookies_' : class 'std::map<std::string,std::string,std::less<_Kty>,std::allocator<std::pair<const _Kty,_Ty>>>' necesita tener una interfaz DLL para que la utilicen los clientes de class 'Wt::Http::Request'
          with
          [
              _Kty=std::string
  ,            _Ty=std::string
          ]
C:\Program Files\Wt 3.3.7 msvs2013 x64\include\Wt/WObject(242): warning C4275: se ha utilizado una interfaz no de DLL class 'boost::signals2::trackable' como base para la interfaz DLL class 'Wt::WObject'
          C:\Program Files\Wt 3.3.7 msvs2013 x64\include\boost/signals2/trackable.hpp(38) : vea la declaración de 'boost::signals2::trackable'
          C:\Program Files\Wt 3.3.7 msvs2013 x64\include\Wt/WObject(241) : vea la declaración de 'Wt::WObject'
C:\Program Files\Wt 3.3.7 msvs2013 x64\include\Wt/WObject(527): warning C4251: 'Wt::WObject::statelessSlots_' : class 'std::vector<Wt::WStatelessSlot *,std::allocator<_Ty>>' necesita tener una interfaz DLL para que la utilicen los clientes de class 'Wt::WObject'
          with
          [
              _Ty=Wt::WStatelessSlot *
          ]
C:\Program Files\Wt 3.3.7 msvs2013 x64\include\Wt/WObject(533): warning C4251: 'Wt::WObject::name_' : class 'std::basic_string<char,std::char_traits<char>,std::allocator<char>>' necesita tener una interfaz DLL para que la utilicen los clientes de class 'Wt::WObject'
C:\Program Files\Wt 3.3.7 msvs2013 x64\include\Wt/WObject(544): warning C4251: 'Wt::WObject::emptyObjectList_' : class 'std::vector<Wt::WObject *,std::allocator<_Ty>>' necesita tener una interfaz DLL para que la utilicen los clientes de class 'Wt::WObject'
          with
          [
              _Ty=Wt::WObject *
          ]
C:\Program Files\Wt 3.3.7 msvs2013 x64\include\Wt/WObject(553): warning C4251: 'Wt::WObject::trackable_ptr_' : class 'boost::shared_ptr<T>' necesita tener una interfaz DLL para que la utilicen los clientes de class 'Wt::WObject'
          with
          [
              T=int
          ]
C:\Program Files\Wt 3.3.7 msvs2013 x64\include\Wt/WString(532): warning C4251: 'Wt::WString::utf8_' : class 'std::basic_string<char,std::char_traits<char>,std::allocator<char>>' necesita tener una interfaz DLL para que la utilicen los clientes de class 'Wt::WString'
C:\Program Files\Wt 3.3.7 msvs2013 x64\include\Wt/WString(546): warning C4251: 'Wt::WString::stArguments_' : class 'std::vector<Wt::WString,std::allocator<_Ty>>' necesita tener una interfaz DLL para que la utilicen los clientes de class 'Wt::WString'
          with
          [
              _Ty=Wt::WString
          ]
C:\Program Files\Wt 3.3.7 msvs2013 x64\include\Wt/WAnimation(173): warning C4251: 'Wt::WAnimation::effects_' : class 'Wt::WFlags<Wt::WAnimation::AnimationEffect>' necesita tener una interfaz DLL para que la utilicen los clientes de class 'Wt::WAnimation'
C:\Program Files\Wt 3.3.7 msvs2013 x64\include\Wt/WSignal(572): warning C4251: 'Wt::EventSignalBase::connections_' : class 'std::vector<Wt::EventSignalBase::StatelessConnection,std::allocator<_Ty>>' necesita tener una interfaz DLL para que la utilicen los clientes de class 'Wt::EventSignalBase'
          with
          [
              _Ty=Wt::EventSignalBase::StatelessConnection
          ]
C:\Program Files\Wt 3.3.7 msvs2013 x64\include\Wt/WSignal(573): warning C4251: 'Wt::EventSignalBase::flags_' : class 'std::bitset<0x07>' necesita tener una interfaz DLL para que la utilicen los clientes de class 'Wt::EventSignalBase'
C:\Program Files\Wt 3.3.7 msvs2013 x64\include\Wt/WSignal(580): warning C4251: 'Wt::EventSignalBase::dummy_' : class 'boost::signals2::signal<void (void),boost::signals2::optional_last_value<void>,int,std::less<Group>,boost::function<Signature>,boost::function<R (const boost::signals2::connection &)>,boost::signals2::mutex>' necesita tener una interfaz DLL para que la utilicen los clientes de class 'Wt::EventSignalBase'
          with
          [
              Group=int
  ,            Signature=void (void)
  ,            R=void
          ]
C:\Program Files\Wt 3.3.7 msvs2013 x64\include\Wt/WEvent(89): warning C4251: 'Wt::JavaScriptEvent::modifiers' : class 'Wt::WFlags<Wt::KeyboardModifier>' necesita tener una interfaz DLL para que la utilicen los clientes de class 'Wt::JavaScriptEvent'
C:\Program Files\Wt 3.3.7 msvs2013 x64\include\Wt/WEvent(92): warning C4251: 'Wt::JavaScriptEvent::touches' : class 'std::vector<Wt::Touch,std::allocator<_Ty>>' necesita tener una interfaz DLL para que la utilicen los clientes de class 'Wt::JavaScriptEvent'
          with
          [
              _Ty=Wt::Touch
          ]
C:\Program Files\Wt 3.3.7 msvs2013 x64\include\Wt/WEvent(92): warning C4251: 'Wt::JavaScriptEvent::targetTouches' : class 'std::vector<Wt::Touch,std::allocator<_Ty>>' necesita tener una interfaz DLL para que la utilicen los clientes de class 'Wt::JavaScriptEvent'
          with
          [
              _Ty=Wt::Touch
          ]
C:\Program Files\Wt 3.3.7 msvs2013 x64\include\Wt/WEvent(92): warning C4251: 'Wt::JavaScriptEvent::changedTouches' : class 'std::vector<Wt::Touch,std::allocator<_Ty>>' necesita tener una interfaz DLL para que la utilicen los clientes de class 'Wt::JavaScriptEvent'
          with
          [
              _Ty=Wt::Touch
          ]
C:\Program Files\Wt 3.3.7 msvs2013 x64\include\Wt/WEvent(101): warning C4251: 'Wt::JavaScriptEvent::type' : class 'std::basic_string<char,std::char_traits<char>,std::allocator<char>>' necesita tener una interfaz DLL para que la utilicen los clientes de class 'Wt::JavaScriptEvent'
C:\Program Files\Wt 3.3.7 msvs2013 x64\include\Wt/WEvent(104): warning C4251: 'Wt::JavaScriptEvent::tid' : class 'std::basic_string<char,std::char_traits<char>,std::allocator<char>>' necesita tener una interfaz DLL para que la utilicen los clientes de class 'Wt::JavaScriptEvent'
C:\Program Files\Wt 3.3.7 msvs2013 x64\include\Wt/WEvent(106): warning C4251: 'Wt::JavaScriptEvent::response' : class 'std::basic_string<char,std::char_traits<char>,std::allocator<char>>' necesita tener una interfaz DLL para que la utilicen los clientes de class 'Wt::JavaScriptEvent'
C:\Program Files\Wt 3.3.7 msvs2013 x64\include\Wt/WEvent(108): warning C4251: 'Wt::JavaScriptEvent::userEventArgs' : class 'std::vector<std::string,std::allocator<_Ty>>' necesita tener una interfaz DLL para que la utilicen los clientes de class 'Wt::JavaScriptEvent'
          with
          [
              _Ty=std::string
          ]
C:\Program Files\Wt 3.3.7 msvs2013 x64\include\Wt/WEvent(467): warning C4251: 'Wt::WDropEvent::dropMimeType_' : class 'std::basic_string<char,std::char_traits<char>,std::allocator<char>>' necesita tener una interfaz DLL para que la utilicen los clientes de class 'Wt::WDropEvent'
C:\Program Files\Wt 3.3.7 msvs2013 x64\include\Wt/WException(42): warning C4251: 'Wt::WException::what_' : class 'std::basic_string<char,std::char_traits<char>,std::allocator<char>>' necesita tener una interfaz DLL para que la utilicen los clientes de class 'Wt::WException'
C:\Program Files\Wt 3.3.7 msvs2013 x64\include\Wt/WLogger(227): warning C4251: 'Wt::WLogger::fields_' : class 'std::vector<Wt::WLogger::Field,std::allocator<_Ty>>' necesita tener una interfaz DLL para que la utilicen los clientes de class 'Wt::WLogger'
          with
          [
              _Ty=Wt::WLogger::Field
          ]
C:\Program Files\Wt 3.3.7 msvs2013 x64\include\Wt/WLogger(235): warning C4251: 'Wt::WLogger::rules_' : class 'std::vector<Wt::WLogger::Rule,std::allocator<_Ty>>' necesita tener una interfaz DLL para que la utilicen los clientes de class 'Wt::WLogger'
          with
          [
              _Ty=Wt::WLogger::Rule
          ]
C:\Program Files\Wt 3.3.7 msvs2013 x64\include\Wt/WJavaScript(386): warning C4251: 'Wt::JSignal<Wt::NoClass,Wt::NoClass,Wt::NoClass,Wt::NoClass,Wt::NoClass,Wt::NoClass>::name_' : class 'std::basic_string<char,std::char_traits<char>,std::allocator<char>>' necesita tener una interfaz DLL para que la utilicen los clientes de class 'Wt::JSignal<Wt::NoClass,Wt::NoClass,Wt::NoClass,Wt::NoClass,Wt::NoClass,Wt::NoClass>'
C:\Program Files\Wt 3.3.7 msvs2013 x64\include\Wt/WJavaScript(386): warning C4251: 'Wt::JSignal<Wt::NoClass,Wt::NoClass,Wt::NoClass,Wt::NoClass,Wt::NoClass,Wt::NoClass>::senderId_' : class 'std::basic_string<char,std::char_traits<char>,std::allocator<char>>' necesita tener una interfaz DLL para que la utilicen los clientes de class 'Wt::JSignal<Wt::NoClass,Wt::NoClass,Wt::NoClass,Wt::NoClass,Wt::NoClass,Wt::NoClass>'
C:\Program Files\Wt 3.3.7 msvs2013 x64\include\Wt/WWidget(1356): warning C4251: 'Wt::WWidget::flags_' : class 'std::bitset<0x07>' necesita tener una interfaz DLL para que la utilicen los clientes de class 'Wt::WWidget'
C:\Program Files\Wt 3.3.7 msvs2013 x64\include\Wt/WWidget(1358): warning C4251: 'Wt::WWidget::eventSignals_' : class 'std::list<Wt::EventSignalBase *,std::allocator<_Ty>>' necesita tener una interfaz DLL para que la utilicen los clientes de class 'Wt::WWidget'
          with
          [
              _Ty=Wt::EventSignalBase *
          ]
C:\Program Files\Wt 3.3.7 msvs2013 x64\include\Wt/WWidget(1359): warning C4251: 'Wt::WWidget::jsignals_' : class 'std::vector<Wt::EventSignalBase *,std::allocator<_Ty>>' necesita tener una interfaz DLL para que la utilicen los clientes de class 'Wt::WWidget'
          with
          [
              _Ty=Wt::EventSignalBase *
          ]
C:\Program Files\Wt 3.3.7 msvs2013 x64\include\Wt/WWebWidget(407): warning C4251: 'Wt::WWebWidget::elementTagName_' : class 'std::basic_string<char,std::char_traits<char>,std::allocator<char>>' necesita tener una interfaz DLL para que la utilicen los clientes de class 'Wt::WWebWidget'
C:\Program Files\Wt 3.3.7 msvs2013 x64\include\Wt/WWebWidget(410): warning C4251: 'Wt::WWebWidget::AllChangeFlags' : class 'std::bitset<0x024>' necesita tener una interfaz DLL para que la utilicen los clientes de class 'Wt::WWebWidget'
C:\Program Files\Wt 3.3.7 msvs2013 x64\include\Wt/WWebWidget(418): warning C4251: 'Wt::WWebWidget::flags_' : class 'std::bitset<0x024>' necesita tener una interfaz DLL para que la utilicen los clientes de class 'Wt::WWebWidget'
C:\Program Files\Wt 3.3.7 msvs2013 x64\include\Wt/WWebWidget(529): warning C4251: 'Wt::WWebWidget::emptyWidgetList_' : class 'std::vector<Wt::WWidget *,std::allocator<_Ty>>' necesita tener una interfaz DLL para que la utilicen los clientes de class 'Wt::WWebWidget'
          with
          [
              _Ty=Wt::WWidget *
          ]
C:\Program Files\Wt 3.3.7 msvs2013 x64\include\Wt/WLink(186): warning C4251: 'Wt::WLink::value_' : class 'boost::variant<std::string,Wt::WResource *,boost::detail::variant::void_,boost::detail::variant::void_,boost::detail::variant::void_,boost::detail::variant::void_,boost::detail::variant::void_,boost::detail::variant::void_,boost::detail::variant::void_,boost::detail::variant::void_,boost::detail::variant::void_,boost::detail::variant::void_,boost::detail::variant::void_,boost::detail::variant::void_,boost::detail::variant::void_,boost::detail::variant::void_,boost::detail::variant::void_,boost::detail::variant::void_,boost::detail::variant::void_,boost::detail::variant::void_>' necesita tener una interfaz DLL para que la utilicen los clientes de class 'Wt::WLink'
C:\Program Files\Wt 3.3.7 msvs2013 x64\include\Wt/WCssDecorationStyle(220): warning C4251: 'Wt::WCssDecorationStyle::cursorImage_' : class 'std::basic_string<char,std::char_traits<char>,std::allocator<char>>' necesita tener una interfaz DLL para que la utilicen los clientes de class 'Wt::WCssDecorationStyle'
C:\Program Files\Wt 3.3.7 msvs2013 x64\include\Wt/WCssDecorationStyle(226): warning C4251: 'Wt::WCssDecorationStyle::backgroundImageLocation_' : class 'Wt::WFlags<Wt::Side>' necesita tener una interfaz DLL para que la utilicen los clientes de class 'Wt::WCssDecorationStyle'
C:\Program Files\Wt 3.3.7 msvs2013 x64\include\Wt/WCssDecorationStyle(228): warning C4251: 'Wt::WCssDecorationStyle::textDecoration_' : class 'Wt::WFlags<Wt::WCssDecorationStyle::TextDecoration>' necesita tener una interfaz DLL para que la utilicen los clientes de class 'Wt::WCssDecorationStyle'
C:\Program Files\Wt 3.3.7 msvs2013 x64\include\Wt/WCssStyleSheet(78): warning C4251: 'Wt::WCssRule::selector_' : class 'std::basic_string<char,std::char_traits<char>,std::allocator<char>>' necesita tener una interfaz DLL para que la utilicen los clientes de class 'Wt::WCssRule'
C:\Program Files\Wt 3.3.7 msvs2013 x64\include\Wt/WCssStyleSheet(286): warning C4251: 'Wt::WCssStyleSheet::media_' : class 'std::basic_string<char,std::char_traits<char>,std::allocator<char>>' necesita tener una interfaz DLL para que la utilicen los clientes de class 'Wt::WCssStyleSheet'
C:\Program Files\Wt 3.3.7 msvs2013 x64\include\Wt/WCssStyleSheet(288): warning C4251: 'Wt::WCssStyleSheet::rules_' : class 'std::vector<Wt::WCssRule *,std::allocator<_Ty>>' necesita tener una interfaz DLL para que la utilicen los clientes de class 'Wt::WCssStyleSheet'
          with
          [
              _Ty=Wt::WCssRule *
          ]
C:\Program Files\Wt 3.3.7 msvs2013 x64\include\Wt/WCssStyleSheet(289): warning C4251: 'Wt::WCssStyleSheet::rulesAdded_' : class 'std::vector<Wt::WCssRule *,std::allocator<_Ty>>' necesita tener una interfaz DLL para que la utilicen los clientes de class 'Wt::WCssStyleSheet'
          with
          [
              _Ty=Wt::WCssRule *
          ]
C:\Program Files\Wt 3.3.7 msvs2013 x64\include\Wt/WCssStyleSheet(291): warning C4251: 'Wt::WCssStyleSheet::rulesModified_' : class 'std::set<Wt::WCssRule *,std::less<_Kty>,std::allocator<_Ty>>' necesita tener una interfaz DLL para que la utilicen los clientes de class 'Wt::WCssStyleSheet'
          with
          [
              _Kty=Wt::WCssRule *
  ,            _Ty=Wt::WCssRule *
          ]
C:\Program Files\Wt 3.3.7 msvs2013 x64\include\Wt/WCssStyleSheet(292): warning C4251: 'Wt::WCssStyleSheet::rulesRemoved_' : class 'std::vector<std::string,std::allocator<_Ty>>' necesita tener una interfaz DLL para que la utilicen los clientes de class 'Wt::WCssStyleSheet'
          with
          [
              _Ty=std::string
          ]
C:\Program Files\Wt 3.3.7 msvs2013 x64\include\Wt/WCssStyleSheet(294): warning C4251: 'Wt::WCssStyleSheet::defined_' : class 'std::set<std::string,std::less<_Kty>,std::allocator<_Ty>>' necesita tener una interfaz DLL para que la utilicen los clientes de class 'Wt::WCssStyleSheet'
          with
          [
              _Kty=std::string
  ,            _Ty=std::string
          ]
C:\Program Files\Wt 3.3.7 msvs2013 x64\include\Wt/WLocale(233): warning C4251: 'Wt::WLocale::name_' : class 'std::basic_string<char,std::char_traits<char>,std::allocator<char>>' necesita tener una interfaz DLL para que la utilicen los clientes de class 'Wt::WLocale'
C:\Program Files\Wt 3.3.7 msvs2013 x64\include\Wt/WLocale(234): warning C4251: 'Wt::WLocale::decimalPoint_' : class 'std::basic_string<char,std::char_traits<char>,std::allocator<char>>' necesita tener una interfaz DLL para que la utilicen los clientes de class 'Wt::WLocale'
C:\Program Files\Wt 3.3.7 msvs2013 x64\include\Wt/WLocale(234): warning C4251: 'Wt::WLocale::groupSeparator_' : class 'std::basic_string<char,std::char_traits<char>,std::allocator<char>>' necesita tener una interfaz DLL para que la utilicen los clientes de class 'Wt::WLocale'
C:\Program Files\Wt 3.3.7 msvs2013 x64\include\Wt/WLocale(237): warning C4251: 'Wt::WLocale::time_zone_' : class 'boost::shared_ptr<tz_type>' necesita tener una interfaz DLL para que la utilicen los clientes de class 'Wt::WLocale'
          with
          [
              tz_type=boost::date_time::time_zone_base<boost::posix_time::ptime,char>
          ]
C:\Program Files\Wt 3.3.7 msvs2013 x64\include\Wt/WMessageResourceBundle(171): warning C4251: 'Wt::WMessageResourceBundle::messageResources_' : class 'std::vector<Wt::WMessageResources *,std::allocator<_Ty>>' necesita tener una interfaz DLL para que la utilicen los clientes de class 'Wt::WMessageResourceBundle'
          with
          [
              _Ty=Wt::WMessageResources *
          ]
C:\Program Files\Wt 3.3.7 msvs2013 x64\include\Wt/WApplication(2183): warning C4251: 'Wt::WApplication::requestTooLarge_' : class 'Wt::Signal<int64_t,Wt::NoClass,Wt::NoClass,Wt::NoClass,Wt::NoClass,Wt::NoClass>' necesita tener una interfaz DLL para que la utilicen los clientes de class 'Wt::WApplication'
C:\Program Files\Wt 3.3.7 msvs2013 x64\include\Wt/WApplication(2225): warning C4251: 'Wt::WApplication::weakSession_' : class 'boost::weak_ptr<Wt::WebSession>' necesita tener una interfaz DLL para que la utilicen los clientes de class 'Wt::WApplication'
C:\Program Files\Wt 3.3.7 msvs2013 x64\include\Wt/WApplication(2237): warning C4251: 'Wt::WApplication::renderedInternalPath_' : class 'std::basic_string<char,std::char_traits<char>,std::allocator<char>>' necesita tener una interfaz DLL para que la utilicen los clientes de class 'Wt::WApplication'
C:\Program Files\Wt 3.3.7 msvs2013 x64\include\Wt/WApplication(2237): warning C4251: 'Wt::WApplication::newInternalPath_' : class 'std::basic_string<char,std::char_traits<char>,std::allocator<char>>' necesita tener una interfaz DLL para que la utilicen los clientes de class 'Wt::WApplication'
C:\Program Files\Wt 3.3.7 msvs2013 x64\include\Wt/WApplication(2238): warning C4251: 'Wt::WApplication::internalPathChanged_' : class 'Wt::Signal<std::string,Wt::NoClass,Wt::NoClass,Wt::NoClass,Wt::NoClass,Wt::NoClass>' necesita tener una interfaz DLL para que la utilicen los clientes de class 'Wt::WApplication'
C:\Program Files\Wt 3.3.7 msvs2013 x64\include\Wt/WApplication(2238): warning C4251: 'Wt::WApplication::internalPathInvalid_' : class 'Wt::Signal<std::string,Wt::NoClass,Wt::NoClass,Wt::NoClass,Wt::NoClass,Wt::NoClass>' necesita tener una interfaz DLL para que la utilicen los clientes de class 'Wt::WApplication'
C:\Program Files\Wt 3.3.7 msvs2013 x64\include\Wt/WApplication(2246): warning C4251: 'Wt::WApplication::javaScriptClass_' : class 'std::basic_string<char,std::char_traits<char>,std::allocator<char>>' necesita tener una interfaz DLL para que la utilicen los clientes de class 'Wt::WApplication'
C:\Program Files\Wt 3.3.7 msvs2013 x64\include\Wt/WApplication(2256): warning C4251: 'Wt::WApplication::htmlClass_' : class 'std::basic_string<char,std::char_traits<char>,std::allocator<char>>' necesita tener una interfaz DLL para que la utilicen los clientes de class 'Wt::WApplication'
C:\Program Files\Wt 3.3.7 msvs2013 x64\include\Wt/WApplication(2256): warning C4251: 'Wt::WApplication::bodyClass_' : class 'std::basic_string<char,std::char_traits<char>,std::allocator<char>>' necesita tener una interfaz DLL para que la utilicen los clientes de class 'Wt::WApplication'
C:\Program Files\Wt 3.3.7 msvs2013 x64\include\Wt/WApplication(2262): warning C4251: 'Wt::WApplication::focusId_' : class 'std::basic_string<char,std::char_traits<char>,std::allocator<char>>' necesita tener una interfaz DLL para que la utilicen los clientes de class 'Wt::WApplication'
C:\Program Files\Wt 3.3.7 msvs2013 x64\include\Wt/WApplication(2266): warning C4251: 'Wt::WApplication::scriptLibraries_' : class 'std::vector<Wt::WApplication::ScriptLibrary,std::allocator<_Ty>>' necesita tener una interfaz DLL para que la utilicen los clientes de class 'Wt::WApplication'
          with
          [
              _Ty=Wt::WApplication::ScriptLibrary
          ]
C:\Program Files\Wt 3.3.7 msvs2013 x64\include\Wt/WApplication(2270): warning C4251: 'Wt::WApplication::styleSheets_' : class 'std::vector<Wt::WCssStyleSheet,std::allocator<_Ty>>' necesita tener una interfaz DLL para que la utilicen los clientes de class 'Wt::WApplication'
          with
          [
              _Ty=Wt::WCssStyleSheet
          ]
C:\Program Files\Wt 3.3.7 msvs2013 x64\include\Wt/WApplication(2271): warning C4251: 'Wt::WApplication::styleSheetsToRemove_' : class 'std::vector<Wt::WCssStyleSheet,std::allocator<_Ty>>' necesita tener una interfaz DLL para que la utilicen los clientes de class 'Wt::WApplication'
          with
          [
              _Ty=Wt::WCssStyleSheet
          ]
C:\Program Files\Wt 3.3.7 msvs2013 x64\include\Wt/WApplication(2275): warning C4251: 'Wt::WApplication::metaHeaders_' : class 'std::vector<Wt::MetaHeader,std::allocator<_Ty>>' necesita tener una interfaz DLL para que la utilicen los clientes de class 'Wt::WApplication'
          with
          [
              _Ty=Wt::MetaHeader
          ]
C:\Program Files\Wt 3.3.7 msvs2013 x64\include\Wt/WApplication(2276): warning C4251: 'Wt::WApplication::metaLinks_' : class 'std::vector<Wt::WApplication::MetaLink,std::allocator<_Ty>>' necesita tener una interfaz DLL para que la utilicen los clientes de class 'Wt::WApplication'
          with
          [
              _Ty=Wt::WApplication::MetaLink
          ]
C:\Program Files\Wt 3.3.7 msvs2013 x64\include\Wt/WApplication(2278): warning C4251: 'Wt::WApplication::exposedSignals_' : class 'std::map<std::string,Wt::EventSignalBase *,std::less<_Kty>,std::allocator<std::pair<const _Kty,_Ty>>>' necesita tener una interfaz DLL para que la utilicen los clientes de class 'Wt::WApplication'
          with
          [
              _Kty=std::string
  ,            _Ty=Wt::EventSignalBase *
          ]
C:\Program Files\Wt 3.3.7 msvs2013 x64\include\Wt/WApplication(2279): warning C4251: 'Wt::WApplication::exposedResources_' : class 'std::map<std::string,Wt::WResource *,std::less<_Kty>,std::allocator<std::pair<const _Kty,_Ty>>>' necesita tener una interfaz DLL para que la utilicen los clientes de class 'Wt::WApplication'
          with
          [
              _Kty=std::string
  ,            _Ty=Wt::WResource *
          ]
C:\Program Files\Wt 3.3.7 msvs2013 x64\include\Wt/WApplication(2280): warning C4251: 'Wt::WApplication::encodedObjects_' : class 'std::map<std::string,Wt::WObject *,std::less<_Kty>,std::allocator<std::pair<const _Kty,_Ty>>>' necesita tener una interfaz DLL para que la utilicen los clientes de class 'Wt::WApplication'
          with
          [
              _Kty=std::string
  ,            _Ty=Wt::WObject *
          ]
C:\Program Files\Wt 3.3.7 msvs2013 x64\include\Wt/WApplication(2282): warning C4251: 'Wt::WApplication::justRemovedSignals_' : class 'std::set<std::string,std::less<_Kty>,std::allocator<_Ty>>' necesita tener una interfaz DLL para que la utilicen los clientes de class 'Wt::WApplication'
          with
          [
              _Kty=std::string
  ,            _Ty=std::string
          ]
C:\Program Files\Wt 3.3.7 msvs2013 x64\include\Wt/WApplication(2287): warning C4251: 'Wt::WApplication::afterLoadJavaScript_' : class 'std::basic_string<char,std::char_traits<char>,std::allocator<char>>' necesita tener una interfaz DLL para que la utilicen los clientes de class 'Wt::WApplication'
C:\Program Files\Wt 3.3.7 msvs2013 x64\include\Wt/WApplication(2287): warning C4251: 'Wt::WApplication::beforeLoadJavaScript_' : class 'std::basic_string<char,std::char_traits<char>,std::allocator<char>>' necesita tener una interfaz DLL para que la utilicen los clientes de class 'Wt::WApplication'
C:\Program Files\Wt 3.3.7 msvs2013 x64\include\Wt/WApplication(2289): warning C4251: 'Wt::WApplication::autoJavaScript_' : class 'std::basic_string<char,std::char_traits<char>,std::allocator<char>>' necesita tener una interfaz DLL para que la utilicen los clientes de class 'Wt::WApplication'
C:\Program Files\Wt 3.3.7 msvs2013 x64\include\Wt/WApplication(2293): warning C4251: 'Wt::WApplication::javaScriptPreamble_' : class 'std::vector<Wt::WJavaScriptPreamble,std::allocator<_Ty>>' necesita tener una interfaz DLL para que la utilicen los clientes de class 'Wt::WApplication'
          with
          [
              _Ty=Wt::WJavaScriptPreamble
          ]
C:\Program Files\Wt 3.3.7 msvs2013 x64\include\Wt/WApplication(2298): warning C4251: 'Wt::WApplication::javaScriptLoaded_' : class 'std::set<const char *,std::less<_Kty>,std::allocator<_Kty>>' necesita tener una interfaz DLL para que la utilicen los clientes de class 'Wt::WApplication'
          with
          [
              _Kty=const char *
          ]
C:\Program Files\Wt 3.3.7 msvs2013 x64\include\Wt/WApplication(2301): warning C4251: 'Wt::WApplication::showLoadingIndicator_' : class 'Wt::EventSignal<Wt::NoClass>' necesita tener una interfaz DLL para que la utilicen los clientes de class 'Wt::WApplication'
C:\Program Files\Wt 3.3.7 msvs2013 x64\include\Wt/WApplication(2301): warning C4251: 'Wt::WApplication::hideLoadingIndicator_' : class 'Wt::EventSignal<Wt::NoClass>' necesita tener una interfaz DLL para que la utilicen los clientes de class 'Wt::WApplication'
C:\Program Files\Wt 3.3.7 msvs2013 x64\include\Wt/WApplication(2304): warning C4251: 'Wt::WApplication::objectStore_' : class 'std::map<const char *,boost::any,std::less<_Kty>,std::allocator<std::pair<const _Kty,_Ty>>>' necesita tener una interfaz DLL para que la utilicen los clientes de class 'Wt::WApplication'
          with
          [
              _Kty=const char *
  ,            _Ty=boost::any
          ]
C:\Program Files\Wt 3.3.7 msvs2013 x64\include\Wt/WResource(417): warning C4251: 'Wt::WResource::mutex_' : class 'boost::shared_ptr<boost::recursive_mutex>' necesita tener una interfaz DLL para que la utilicen los clientes de class 'Wt::WResource'
C:\Program Files\Wt 3.3.7 msvs2013 x64\include\Wt/WResource(420): warning C4251: 'Wt::WResource::useDone_' : class 'boost::condition_variable_any' necesita tener una interfaz DLL para que la utilicen los clientes de class 'Wt::WResource'
          C:\Program Files\Wt 3.3.7 msvs2013 x64\include\boost/thread/win32/condition_variable.hpp(441) : vea la declaración de 'boost::condition_variable_any'
C:\Program Files\Wt 3.3.7 msvs2013 x64\include\Wt/WResource(424): warning C4251: 'Wt::WResource::dataReceived_' : class 'Wt::Signal<uint64_t,uint64_t,Wt::NoClass,Wt::NoClass,Wt::NoClass,Wt::NoClass>' necesita tener una interfaz DLL para que la utilicen los clientes de class 'Wt::WResource'
C:\Program Files\Wt 3.3.7 msvs2013 x64\include\Wt/WResource(425): warning C4251: 'Wt::WResource::dataExceeded_' : class 'Wt::Signal<uint64_t,Wt::NoClass,Wt::NoClass,Wt::NoClass,Wt::NoClass,Wt::NoClass>' necesita tener una interfaz DLL para que la utilicen los clientes de class 'Wt::WResource'
C:\Program Files\Wt 3.3.7 msvs2013 x64\include\Wt/WResource(429): warning C4251: 'Wt::WResource::continuations_' : class 'std::vector<Wt::Http::ResponseContinuationPtr,std::allocator<_Ty>>' necesita tener una interfaz DLL para que la utilicen los clientes de class 'Wt::WResource'
          with
          [
              _Ty=Wt::Http::ResponseContinuationPtr
          ]
C:\Program Files\Wt 3.3.7 msvs2013 x64\include\Wt/WResource(440): warning C4251: 'Wt::WResource::currentUrl_' : class 'std::basic_string<char,std::char_traits<char>,std::allocator<char>>' necesita tener una interfaz DLL para que la utilicen los clientes de class 'Wt::WResource'
C:\Program Files\Wt 3.3.7 msvs2013 x64\include\Wt/WResource(441): warning C4251: 'Wt::WResource::internalPath_' : class 'std::basic_string<char,std::char_traits<char>,std::allocator<char>>' necesita tener una interfaz DLL para que la utilicen los clientes de class 'Wt::WResource'
C:\Program Files\Wt 3.3.7 msvs2013 x64\include\Wt/WStreamResource(108): warning C4251: 'Wt::WStreamResource::mimeType_' : class 'std::basic_string<char,std::char_traits<char>,std::allocator<char>>' necesita tener una interfaz DLL para que la utilicen los clientes de class 'Wt::WStreamResource'
C:\Program Files\Wt 3.3.7 msvs2013 x64\include\Wt/WFileResource(105): warning C4251: 'Wt::WFileResource::fileName_' : class 'std::basic_string<char,std::char_traits<char>,std::allocator<char>>' necesita tener una interfaz DLL para que la utilicen los clientes de class 'Wt::WFileResource'
C:\Program Files\Wt 3.3.7 msvs2013 x64\include\Wt/WContainerWidget(388): warning C4251: 'Wt::WContainerWidget::flags_' : class 'std::bitset<0x08>' necesita tener una interfaz DLL para que la utilicen los clientes de class 'Wt::WContainerWidget'
C:\Program Files\Wt 3.3.7 msvs2013 x64\include\Wt/WContainerWidget(389): warning C4251: 'Wt::WContainerWidget::contentAlignment_' : class 'Wt::WFlags<Wt::AlignmentFlag>' necesita tener una interfaz DLL para que la utilicen los clientes de class 'Wt::WContainerWidget'
C:\Program Files\Wt 3.3.7 msvs2013 x64\include\Wt/WValidator(202): warning C4251: 'Wt::WValidator::formWidgets_' : class 'std::vector<Wt::WFormWidget *,std::allocator<_Ty>>' necesita tener una interfaz DLL para que la utilicen los clientes de class 'Wt::WValidator'
          with
          [
              _Ty=Wt::WFormWidget *
          ]
C:\Program Files\Wt 3.3.7 msvs2013 x64\include\Wt/WFormWidget(202): warning C4251: 'Wt::WFormWidget::flags_' : class 'std::bitset<0x06>' necesita tener una interfaz DLL para que la utilicen los clientes de class 'Wt::WFormWidget'
C:\Program Files\Wt 3.3.7 msvs2013 x64\include\Wt/WFormWidget(203): warning C4251: 'Wt::WFormWidget::validated_' : class 'Wt::Signal<Wt::WValidator::Result,Wt::NoClass,Wt::NoClass,Wt::NoClass,Wt::NoClass,Wt::NoClass>' necesita tener una interfaz DLL para que la utilicen los clientes de class 'Wt::WFormWidget'
C:\Program Files\Wt 3.3.7 msvs2013 x64\include\Wt/WLineEdit(329): warning C4251: 'Wt::WLineEdit::flags_' : class 'std::bitset<0x05>' necesita tener una interfaz DLL para que la utilicen los clientes de class 'Wt::WLineEdit'
C:\Program Files\Wt 3.3.7 msvs2013 x64\include\Wt/WLineEdit(331): warning C4251: 'Wt::WLineEdit::SKIPPABLE_MASK_CHARS' : class 'std::basic_string<char,std::char_traits<char>,std::allocator<char>>' necesita tener una interfaz DLL para que la utilicen los clientes de class 'Wt::WLineEdit'
C:\Program Files\Wt 3.3.7 msvs2013 x64\include\Wt/WLineEdit(334): warning C4251: 'Wt::WLineEdit::mask_' : class 'std::basic_string<char,std::char_traits<char>,std::allocator<char>>' necesita tener una interfaz DLL para que la utilicen los clientes de class 'Wt::WLineEdit'
C:\Program Files\Wt 3.3.7 msvs2013 x64\include\Wt/WLineEdit(336): warning C4251: 'Wt::WLineEdit::inputMask_' : class 'std::basic_string<wchar_t,std::char_traits<wchar_t>,std::allocator<wchar_t>>' necesita tener una interfaz DLL para que la utilicen los clientes de class 'Wt::WLineEdit'
C:\Program Files\Wt 3.3.7 msvs2013 x64\include\Wt/WLineEdit(337): warning C4251: 'Wt::WLineEdit::raw_' : class 'std::basic_string<wchar_t,std::char_traits<wchar_t>,std::allocator<wchar_t>>' necesita tener una interfaz DLL para que la utilicen los clientes de class 'Wt::WLineEdit'
C:\Program Files\Wt 3.3.7 msvs2013 x64\include\Wt/WLineEdit(344): warning C4251: 'Wt::WLineEdit::inputMaskFlags_' : class 'Wt::WFlags<Wt::WLineEdit::InputMaskFlag>' necesita tener una interfaz DLL para que la utilicen los clientes de class 'Wt::WLineEdit'
C:\Program Files\Wt 3.3.7 msvs2013 x64\include\Wt/WLineEdit(345): warning C4251: 'Wt::WLineEdit::case_' : class 'std::basic_string<char,std::char_traits<char>,std::allocator<char>>' necesita tener una interfaz DLL para que la utilicen los clientes de class 'Wt::WLineEdit'
C:\Program Files\Wt 3.3.7 msvs2013 x64\include\Wt/WAnchor(346): warning C4251: 'Wt::WAnchor::flags_' : class 'std::bitset<0x02>' necesita tener una interfaz DLL para que la utilicen los clientes de class 'Wt::WAnchor'
C:\Program Files\Wt 3.3.7 msvs2013 x64\include\Wt/WText(268): warning C4251: 'Wt::WText::text_' : struct 'Wt::WText::RichText' necesita tener una interfaz DLL para que la utilicen los clientes de class 'Wt::WText'
          C:\Program Files\Wt 3.3.7 msvs2013 x64\include\Wt/WText(256) : vea la declaración de 'Wt::WText::RichText'
C:\Program Files\Wt 3.3.7 msvs2013 x64\include\Wt/WText(280): warning C4251: 'Wt::WText::flags_' : class 'std::bitset<0x09>' necesita tener una interfaz DLL para que la utilicen los clientes de class 'Wt::WText'
C:\Program Files\Wt 3.3.7 msvs2013 x64\include\Wt/WPushButton(334): warning C4251: 'Wt::WPushButton::text_' : struct 'Wt::WText::RichText' necesita tener una interfaz DLL para que la utilicen los clientes de class 'Wt::WPushButton'
          C:\Program Files\Wt 3.3.7 msvs2013 x64\include\Wt/WText(256) : vea la declaración de 'Wt::WText::RichText'
C:\Program Files\Wt 3.3.7 msvs2013 x64\include\Wt/WPushButton(337): warning C4251: 'Wt::WPushButton::flags_' : class 'std::bitset<0x08>' necesita tener una interfaz DLL para que la utilicen los clientes de class 'Wt::WPushButton'
C:\Program Files\Wt 3.3.7 msvs2013 x64\include\Wt/WFileUpload(328): warning C4251: 'Wt::WFileUpload::flags_' : class 'std::bitset<0x06>' necesita tener una interfaz DLL para que la utilicen los clientes de class 'Wt::WFileUpload'
C:\Program Files\Wt 3.3.7 msvs2013 x64\include\Wt/WFileUpload(332): warning C4251: 'Wt::WFileUpload::uploadedFiles_' : class 'std::vector<Wt::Http::UploadedFile,std::allocator<_Ty>>' necesita tener una interfaz DLL para que la utilicen los clientes de class 'Wt::WFileUpload'
          with
          [
              _Ty=Wt::Http::UploadedFile
          ]
C:\Program Files\Wt 3.3.7 msvs2013 x64\include\Wt/WFileUpload(334): warning C4251: 'Wt::WFileUpload::fileTooLarge_' : class 'Wt::JSignal<int64_t,Wt::NoClass,Wt::NoClass,Wt::NoClass,Wt::NoClass,Wt::NoClass>' necesita tener una interfaz DLL para que la utilicen los clientes de class 'Wt::WFileUpload'
C:\Program Files\Wt 3.3.7 msvs2013 x64\include\Wt/WFileUpload(336): warning C4251: 'Wt::WFileUpload::dataReceived_' : class 'Wt::Signal<uint64_t,uint64_t,Wt::NoClass,Wt::NoClass,Wt::NoClass,Wt::NoClass>' necesita tener una interfaz DLL para que la utilicen los clientes de class 'Wt::WFileUpload'
C:\Program Files\Wt 3.3.7 msvs2013 x64\include\Wt/WFileUpload(341): warning C4251: 'Wt::WFileUpload::acceptAttributes_' : class 'std::basic_string<char,std::char_traits<char>,std::allocator<char>>' necesita tener una interfaz DLL para que la utilicen los clientes de class 'Wt::WFileUpload'
C:\Program Files (x86)\Microsoft Visual Studio 12.0\VC\include\xmemory(348): warning C4996: 'std::_Uninitialized_copy0': Function call with parameters that may be unsafe - this call relies on the caller to check that the passed values are correct. To disable this warning, use -D_SCL_SECURE_NO_WARNINGS. See documentation on how to use Visual C++ 'Checked Iterators'
          C:\Program Files (x86)\Microsoft Visual Studio 12.0\VC\include\xmemory(333) : vea la declaración de 'std::_Uninitialized_copy0'
          C:\Program Files\Wt 3.3.7 msvs2013 x64\include\boost/signals2/detail/auto_buffer.hpp(191) : vea la referencia a la creación de instancias de plantilla de función '_FwdIt std::uninitialized_copy<I,boost::shared_ptr<void>*>(_InIt,_InIt,_FwdIt)' que se está compilando
          with
          [
              _FwdIt=boost::shared_ptr<void> *
  ,            I=boost::shared_ptr<void> *
  ,            _InIt=boost::shared_ptr<void> *
          ]
          C:\Program Files\Wt 3.3.7 msvs2013 x64\include\boost/signals2/detail/auto_buffer.hpp(178) : vea la referencia a la creación de instancias de plantilla de función 'void boost::signals2::detail::auto_buffer<boost::shared_ptr<void>,boost::signals2::detail::store_n_objects<10>,boost::signals2::detail::default_grow_policy,std::allocator<T>>::copy_rai<I,false>(I,I,boost::shared_ptr<void> *,const boost::integral_constant<bool,false> &)' que se está compilando
          with
          [
              T=boost::shared_ptr<void>
  ,            I=boost::shared_ptr<void> *
          ]
          C:\Program Files\Wt 3.3.7 msvs2013 x64\include\boost/signals2/detail/auto_buffer.hpp(178) : vea la referencia a la creación de instancias de plantilla de función 'void boost::signals2::detail::auto_buffer<boost::shared_ptr<void>,boost::signals2::detail::store_n_objects<10>,boost::signals2::detail::default_grow_policy,std::allocator<T>>::copy_rai<I,false>(I,I,boost::shared_ptr<void> *,const boost::integral_constant<bool,false> &)' que se está compilando
          with
          [
              T=boost::shared_ptr<void>
  ,            I=boost::shared_ptr<void> *
          ]
          C:\Program Files\Wt 3.3.7 msvs2013 x64\include\boost/signals2/detail/auto_buffer.hpp(204) : vea la referencia a la creación de instancias de plantilla de función 'void boost::signals2::detail::auto_buffer<boost::shared_ptr<void>,boost::signals2::detail::store_n_objects<10>,boost::signals2::detail::default_grow_policy,std::allocator<T>>::copy_impl<I>(I,I,boost::shared_ptr<void> *,std::random_access_iterator_tag)' que se está compilando
          with
          [
              T=boost::shared_ptr<void>
  ,            I=boost::shared_ptr<void> *
          ]
          C:\Program Files\Wt 3.3.7 msvs2013 x64\include\boost/signals2/detail/auto_buffer.hpp(204) : vea la referencia a la creación de instancias de plantilla de función 'void boost::signals2::detail::auto_buffer<boost::shared_ptr<void>,boost::signals2::detail::store_n_objects<10>,boost::signals2::detail::default_grow_policy,std::allocator<T>>::copy_impl<I>(I,I,boost::shared_ptr<void> *,std::random_access_iterator_tag)' que se está compilando
          with
          [
              T=boost::shared_ptr<void>
  ,            I=boost::shared_ptr<void> *
          ]
          C:\Program Files\Wt 3.3.7 msvs2013 x64\include\boost/signals2/detail/auto_buffer.hpp(288) : vea la referencia a la creación de instancias de plantilla de función 'void boost::signals2::detail::auto_buffer<boost::shared_ptr<void>,boost::signals2::detail::store_n_objects<10>,boost::signals2::detail::default_grow_policy,std::allocator<T>>::copy_impl<boost::shared_ptr<void>*>(I,I,boost::shared_ptr<void> *)' que se está compilando
          with
          [
              T=boost::shared_ptr<void>
  ,            I=boost::shared_ptr<void> *
          ]
          C:\Program Files\Wt 3.3.7 msvs2013 x64\include\boost/signals2/detail/auto_buffer.hpp(288) : vea la referencia a la creación de instancias de plantilla de función 'void boost::signals2::detail::auto_buffer<boost::shared_ptr<void>,boost::signals2::detail::store_n_objects<10>,boost::signals2::detail::default_grow_policy,std::allocator<T>>::copy_impl<boost::shared_ptr<void>*>(I,I,boost::shared_ptr<void> *)' que se está compilando
          with
          [
              T=boost::shared_ptr<void>
  ,            I=boost::shared_ptr<void> *
          ]
          C:\Program Files\Wt 3.3.7 msvs2013 x64\include\boost/signals2/detail/auto_buffer.hpp(281) : durante la compilación de la función miembro de plantilla de clase 'boost::shared_ptr<void> *boost::signals2::detail::auto_buffer<boost::shared_ptr<void>,boost::signals2::detail::store_n_objects<10>,boost::signals2::detail::default_grow_policy,std::allocator<T>>::move_to_new_buffer(unsigned __int64,const boost::false_type &)'
          with
          [
              T=boost::shared_ptr<void>
          ]
          C:\Program Files\Wt 3.3.7 msvs2013 x64\include\boost/signals2/detail/auto_buffer.hpp(303) : vea la referencia a la creación de instancias de plantilla de función 'boost::shared_ptr<void> *boost::signals2::detail::auto_buffer<boost::shared_ptr<void>,boost::signals2::detail::store_n_objects<10>,boost::signals2::detail::default_grow_policy,std::allocator<T>>::move_to_new_buffer(unsigned __int64,const boost::false_type &)' que se está compilando
          with
          [
              T=boost::shared_ptr<void>
          ]
          C:\Program Files\Wt 3.3.7 msvs2013 x64\include\boost/signals2/connection.hpp(53) : vea la referencia a la creación de instancias de plantilla de clase 'boost::signals2::detail::auto_buffer<boost::shared_ptr<void>,boost::signals2::detail::store_n_objects<10>,boost::signals2::detail::default_grow_policy,std::allocator<T>>' que se está compilando
          with
          [
              T=boost::shared_ptr<void>
          ]
          C:\Program Files\Wt 3.3.7 msvs2013 x64\include\boost/signals2/connection.hpp(55) : vea la referencia a la creación de instancias de plantilla de clase 'boost::signals2::detail::garbage_collecting_lock<Mutex>' que se está compilando
          C:\Program Files (x86)\Microsoft Visual Studio 12.0\VC\include\xmemory(333) : vea la declaración de 'std::_Uninitialized_copy0'
  Generando código...
  GUI.vcxproj -> D:\Totto\Visual Studio 2013\Proyecto2\BIN\Debug\GUI.exe
